Iteration	Posterior	Likelihood	Prior	rate_log_sd	rate_loss	rate_neo	tree_length
0	-8605.982	-9035.258	429.2757	1.319684	1.921417	0.3756795	3.694352
6	-8604.696	-9034.097	429.4009	1.238593	1.675629	0.3153553	3.833412
12	-8619.366	-9046.268	426.9016	1.07147	1.675629	0.3153553	5.331576
18	-8608.81	-9036.278	427.4685	1.116362	1.75234	0.3528486	4.919288
24	-8607.26	-9034.661	427.4019	1.094339	1.86662	0.4022684	4.873048
30	-8604.431	-9031.968	427.5366	1.204413	1.743144	0.4035545	4.778945
36	-8619.396	-9048.086	428.6899	1.12707	1.680121	0.4035545	4.196921
42	-8616.87	-9044.873	428.0028	1.158349	1.84751	0.3601542	4.554689
48	-8610.044	-9038.46	428.4157	1.137305	1.691932	0.3601542	4.3907
54	-8604.888	-9032.545	427.6567	1.145349	1.691932	0.3130251	4.868833
60	-8595.083	-9022.549	427.4658	1.068888	1.691932	0.3432053	4.98072
66	-8616.578	-9043.651	427.0729	1.092518	1.815721	0.2992415	5.195172
72	-8608.788	-9036.747	427.9592	1.097329	1.719477	0.3932504	4.622265
78	-8612.652	-9040.459	427.8072	1.034412	2.060105	0.3158136	4.716192
84	-8619.616	-9048.64	429.0242	1.244617	1.84657	0.3599494	3.927262
90	-8604.174	-9033.394	429.2203	1.20742	1.992241	0.3599494	3.785268
96	-8603.797	-9032.989	429.1919	1.268057	1.992241	0.4113204	3.708034
102	-8615.885	-9045.205	429.3201	1.278009	2.033441	0.3314109	3.708034
108	-8598.543	-9027.109	428.5656	1.158941	1.675525	0.3314109	4.334537
114	-8612.63	-9040.394	427.7643	1.159241	1.715277	0.372567	4.721254
120	-8604.559	-9033.046	428.487	1.12191	1.578067	0.3967738	4.361914
126	-8609.611	-9037.969	428.3582	1.129679	1.739608	0.4026026	4.361914
132	-8617.978	-9045.516	427.5382	1.113126	1.736349	0.3920843	4.843885
138	-8604.145	-9031.617	427.4722	1.168905	1.756824	0.3904817	4.843885
144	-8606.935	-9035.271	428.3357	1.145521	1.756824	0.3615764	4.405401
150	-8609.656	-9036.77	427.1138	1.030465	1.98133	0.3615764	5.075154
156	-8608.37	-9035.901	427.5313	1.154373	1.715358	0.3699639	4.856956
162	-8601.322	-9029.628	428.3058	1.170649	1.775214	0.3784928	4.381982
168	-8602.842	-9031.011	428.1688	1.205925	1.674248	0.3712703	4.485025
174	-8613.186	-9041.015	427.8291	1.205925	1.973804	0.2657599	4.702761
180	-8630.824	-9060.266	429.4416	1.297849	1.775264	0.3703448	3.670066
186	-8631.718	-9061.125	429.4068	1.286433	1.681526	0.3703448	3.732402
192	-8623.002	-9051.695	428.6931	1.234621	2.295718	0.3080714	4.039853
198	-8624.294	-9054.158	429.8642	1.306185	1.767432	0.2864903	3.530002
204	-8618.998	-9048.037	429.0396	1.243129	2.033081	0.3618339	3.85273
210	-8612.664	-9041.136	428.472	1.193583	2.033081	0.3618339	4.205023
216	-8632.167	-9060.072	427.9054	1.164833	2.178872	0.4247567	4.42582
222	-8623.122	-9052.983	429.8601	1.378532	2.280257	0.3940334	3.177846
228	-8620.599	-9049.869	429.2698	1.211496	1.713099	0.3940334	3.815277
234	-8627.473	-9057.065	429.5923	1.322233	1.713099	0.2860182	3.699754
240	-8606.722	-9035.76	429.0385	1.283837	1.871489	0.2860182	3.981997
246	-8605.104	-9033.442	428.3386	1.199392	1.947412	0.3196007	4.357155
252	-8611.881	-9040.739	428.8572	1.246471	1.956419	0.3171982	4.036027
258	-8592.403	-9021.095	428.6923	1.296111	1.877814	0.340815	4.099391
264	-8598.752	-9027.536	428.7836	1.334114	2.068289	0.3138436	3.995015
270	-8602.909	-9031.948	429.0395	1.273028	1.748828	0.3138436	3.995015
276	-8609.605	-9038.634	429.0294	1.274989	1.727536	0.3341093	3.981951
282	-8616.741	-9044.594	427.8531	1.143105	1.945054	0.3138911	4.669833
288	-8627.749	-9055.172	427.4231	1.142037	1.945054	0.3941955	4.816689
294	-8607.668	-9035.22	427.5521	1.120248	1.976088	0.3330787	4.816689
300	-8630.298	-9059.227	428.9288	1.303917	1.88307	0.3889369	3.90151
306	-8619.581	-9048.914	429.3328	1.294792	1.88307	0.3811479	3.682924
312	-8615.199	-9043.501	428.3017	1.099675	1.654152	0.3941368	4.452111
318	-8607.625	-9036.143	428.5179	1.159437	1.654152	0.3941368	4.296314
324	-8608.221	-9036.532	428.3116	1.218103	2.221338	0.3224293	4.270197
330	-8600.78	-9030.438	429.6584	1.237359	1.913523	0.3224293	3.588297
336	-8589.745	-9018.692	428.9474	1.252412	1.913523	0.3098343	4.005428
342	-8588.254	-9018.094	429.8397	1.32593	1.913523	0.2764686	3.493635
348	-8604.183	-9033.382	429.1991	1.323912	1.74662	0.2691268	3.936158
354	-8606.99	-9035.719	428.7296	1.243543	1.74662	0.4125205	4.073349
360	-8603.677	-9032.201	428.5236	1.118475	1.915359	0.3210849	4.307353
366	-8601.183	-9027.424	426.2407	1.035019	1.915359	0.3448588	5.595496
372	-8604.497	-9031.973	427.4758	1.086742	1.961591	0.3148099	4.905255
378	-8621.053	-9049.133	428.0801	1.184623	2.063384	0.2883788	4.513564
384	-8612.894	-9040.917	428.0238	1.105528	2.063384	0.407055	4.447724
390	-8610.304	-9037.993	427.6894	1.116485	2.069842	0.3976213	4.637553
396	-8600.278	-9028.479	428.201	1.09858	1.821788	0.3976213	4.443787
402	-8629.389	-9057.474	428.0856	1.11651	2.114852	0.3816693	4.418093
408	-8594.104	-9022.298	428.1938	1.16979	2.145868	0.3816693	4.317135
414	-8599.486	-9027.951	428.4644	1.138546	1.842037	0.3816693	4.282924
420	-8608.412	-9036.868	428.4557	1.147334	1.842037	0.3816693	4.282924
426	-8613.169	-9040.96	427.7909	1.130891	1.668954	0.463116	4.644572
432	-8601.386	-9029.079	427.6925	1.157284	1.977508	0.3741886	4.668934
438	-8594.542	-9022.585	428.0429	1.138706	2.033618	0.4520613	4.381291
444	-8614.9	-9042.775	427.8757	1.153204	2.033618	0.4359095	4.483695
450	-8609.745	-9037.5	427.7543	1.102376	2.033618	0.3945726	4.624044
456	-8615.62	-9043.508	427.888	1.11496	2.033618	0.3931945	4.543495
462	-8624.016	-9052.229	428.2133	1.153332	1.79854	0.3767856	4.437445
468	-8615.202	-9043.932	428.7301	1.168053	1.73676	0.3802084	4.15541
474	-8610.602	-9039.806	429.2035	1.254987	1.938959	0.3907136	3.750099
480	-8608.215	-9037.58	429.3651	1.210594	1.938959	0.3907136	3.682381
486	-8597.893	-9027.414	429.521	1.367651	1.783999	0.3947443	3.552059
492	-8599.856	-9029.313	429.4571	1.331398	1.783999	0.3057651	3.71906
498	-8587.677	-9017.357	429.68	1.272118	1.983577	0.3590988	3.485174
504	-8594.112	-9023.147	429.0351	1.232139	2.014947	0.3301549	3.906293
510	-8588.406	-9017.239	428.8332	1.262623	2.014947	0.347513	3.98304
516	-8588.865	-9018.344	429.4785	1.23157	1.87215	0.3525775	3.672905
522	-8605.505	-9034.073	428.5679	1.197655	1.87215	0.3525775	4.213863
528	-8617.322	-9046.343	429.0204	1.214553	1.719508	0.4460455	3.898622
534	-8630.492	-9059.706	429.2134	1.232184	1.705029	0.4630338	3.765744
540	-8614.217	-9043.406	429.1891	1.253899	1.705029	0.3045678	3.948957
546	-8621.221	-9049.916	428.6941	1.187394	1.705029	0.4194928	4.133655
552	-8620.58	-9049.599	429.019	1.239412	1.602207	0.3815938	4.000353
558	-8612.125	-9040.372	428.247	1.179263	1.602207	0.395762	4.456497
564	-8616.24	-9043.903	427.6639	1.182092	1.687147	0.5028406	4.642465
570	-8607.293	-9036.759	429.466	1.315976	1.915423	0.3431375	3.627434
576	-8593.103	-9022.543	429.4391	1.315976	1.915423	0.3903473	3.587033
582	-8591.362	-9019.954	428.5928	1.288856	2.025597	0.3629641	4.083324
588	-8607.817	-9036.649	428.8322	1.22384	1.900045	0.3253976	4.072197
594	-8621.558	-9049.421	427.8636	1.157672	2.166704	0.3691264	4.517916
600	-8613.426	-9043.06	429.634	1.258479	1.937666	0.4160342	3.470505
606	-8605.496	-9034.59	429.0936	1.209823	1.872925	0.3725644	3.883275
612	-8621.319	-9050.452	429.1327	1.187755	1.695602	0.3764065	3.934317
618	-8622.139	-9050.655	428.5157	1.27487	1.972899	0.4448344	4.063359
624	-8608.857	-9037.666	428.8098	1.280383	1.703614	0.3443832	4.100563
630	-8619.713	-9048.435	428.7222	1.206173	1.837177	0.3828197	4.09863
636	-8618.62	-9047.508	428.8878	1.168968	1.94408	0.3786287	3.992709
642	-8628.638	-9056.663	428.025	1.176686	1.94408	0.3786287	4.477574
648	-8614.123	-9041.727	427.6042	1.215893	1.916295	0.3166292	4.77454
654	-8611.35	-9040.949	429.5997	1.391726	2.182409	0.30177	3.469599
660	-8603.668	-9032.455	428.7874	1.36	2.33919	0.3826524	3.809937
666	-8604.633	-9032.625	427.9923	1.149944	2.138267	0.4165097	4.406531
672	-8617.687	-9045.632	427.9453	1.197017	2.138267	0.4165097	4.406531
678	-8628.46	-9056.09	427.6301	1.238244	2.274507	0.2622603	4.706706
684	-8619.054	-9047.073	428.019	1.200016	2.194758	0.2935405	4.491079
690	-8614.704	-9042.787	428.0831	1.298026	1.93169	0.3039663	4.470971
696	-8628.592	-9056.715	428.1228	1.223822	1.984492	0.271211	4.516821
702	-8626.362	-9055.215	428.8533	1.17064	1.832095	0.3003157	4.146815
708	-8622.965	-9052.111	429.1461	1.20853	1.781035	0.3003157	3.976743
714	-8593.797	-9022.735	428.9387	1.278066	1.710237	0.3976122	3.964172
720	-8604.53	-9032.465	427.9357	1.151882	1.748341	0.3976122	4.58947
726	-8621.814	-9049.502	427.688	1.149883	1.87017	0.4330756	4.648762
732	-8606.606	-9035.513	428.9077	1.25618	1.854947	0.3472936	3.999477
738	-8603.72	-9032.086	428.3669	1.193579	1.813193	0.3472936	4.357121
744	-8609.297	-9037.896	428.5993	1.214142	1.86857	0.4330756	4.098451
750	-8603.906	-9032.665	428.7586	1.221876	1.86857	0.3479734	4.098451
756	-8598.159	-9026.846	428.6867	1.238796	1.86857	0.2893123	4.204526
762	-8604.725	-9033.48	428.7546	1.240324	1.604861	0.2893123	4.263287
768	-8601.397	-9029.612	428.2151	1.210498	2.05751	0.2893123	4.423618
774	-8611.408	-9039.357	427.9496	1.193878	2.022905	0.2737328	4.61474
780	-8614.459	-9042.321	427.8628	1.156721	2.09153	0.3093667	4.61474
786	-8604.287	-9033.345	429.0581	1.255046	2.061568	0.3093667	3.891188
792	-8614.02	-9042.369	428.3485	1.256339	1.83186	0.3756853	4.29227
798	-8606.711	-9035.142	428.4317	1.27019	2.101585	0.3510204	4.174972
804	-8606.917	-9036.639	429.7222	1.407552	1.971102	0.3510204	3.39546
810	-8607.25	-9037.129	429.8787	1.353462	1.971102	0.315372	3.380956
816	-8633.7	-9063.981	430.2806	1.439973	2.077591	0.315372	3.055092
822	-8599.755	-9028.973	429.2173	1.277509	2.131025	0.3351389	3.731017
828	-8614.335	-9042.841	428.5055	1.166141	2.316228	0.4232675	4.044744
834	-8611.263	-9041.553	430.2897	1.492884	1.859394	0.4157223	2.972127
840	-8610.215	-9039.876	429.6616	1.433628	1.956891	0.3563626	3.414106
846	-8602.388	-9032.132	429.7434	1.402043	1.902087	0.3563626	3.40407
852	-8611.451	-9041.2	429.7496	1.300875	2.274605	0.3563626	3.335553
858	-8607.174	-9036.702	429.5276	1.382297	2.274605	0.3563626	3.418062
864	-8598.911	-9029.204	430.2929	1.382297	1.806309	0.3213932	3.171241
870	-8602.067	-9032.042	429.975	1.443366	1.806309	0.364067	3.269265
876	-8594.404	-9024.624	430.2208	1.346658	1.889178	0.311722	3.217298
882	-8597.536	-9026.294	428.7576	1.18442	1.889178	0.3532301	4.106843
888	-8606.963	-9035.875	428.9114	1.235629	1.889178	0.3532301	3.989876
894	-8596.941	-9025.869	428.9275	1.20758	1.90868	0.3532301	3.989876
900	-8614.962	-9043.382	428.4206	1.17549	1.736917	0.4103651	4.293374
906	-8623.331	-9051.423	428.0915	1.17549	1.806508	0.3966963	4.468592
912	-8616.845	-9044.327	427.4814	1.111921	1.806508	0.4014966	4.840807
918	-8618.277	-9045.204	426.9274	0.9938897	1.806508	0.4014966	5.213921
924	-8619.332	-9046.28	426.9477	1.032819	1.720703	0.3619014	5.255475
930	-8625.505	-9054.312	428.8063	1.132625	1.720703	0.3619014	4.159303
936	-8629.009	-9057.404	428.3945	1.152958	1.720703	0.3111869	4.442893
942	-8620.902	-9049.299	428.3975	1.094845	2.005426	0.3111869	4.374248
948	-8624.371	-9052.274	427.9027	1.177373	2.021096	0.3111869	4.601098
954	-8601.176	-9029.537	428.361	1.136907	2.021096	0.3111869	4.365931
960	-8598.183	-9027.538	429.3541	1.268535	1.95893	0.3406424	3.707649
966	-8594.668	-9023.899	429.2314	1.239385	1.965192	0.3406424	3.79309
972	-8598.414	-9027.449	429.0353	1.178802	2.070275	0.3406424	3.905404
978	-8605.193	-9034.171	428.9781	1.230333	2.169213	0.3056544	3.921411
984	-8598.256	-9026.679	428.4224	1.185631	1.825658	0.4359675	4.227398
990	-8603.978	-9032.499	428.5203	1.231414	1.924394	0.4157349	4.132418
996	-8602.331	-9030.706	428.3746	1.14227	1.924394	0.3460852	4.344327
1002	-8606.21	-9034.264	428.0537	1.175937	1.925149	0.3179837	4.540466
1008	-8607.014	-9035.348	428.3336	1.078554	1.925149	0.311605	4.445894
1014	-8602.644	-9030.309	427.665	1.09294	1.976158	0.3627062	4.733853
1020	-8602.644	-9030.338	427.6937	1.134937	1.976158	0.3294218	4.733853
1026	-8614.189	-9043.166	428.977	1.221669	1.976158	0.3294218	3.959561
1032	-8608.609	-9038.079	429.4699	1.223368	2.113337	0.3928778	3.552918
1038	-8606.039	-9034.732	428.6927	1.249046	2.113337	0.3869863	3.992823
1044	-8604.939	-9034.576	429.6371	1.303277	2.113337	0.375357	3.428969
1050	-8604.506	-9033.974	429.4675	1.303277	1.800326	0.375357	3.63676
1056	-8605.7	-9035.159	429.4596	1.298318	1.963989	0.3832221	3.576606
1062	-8616.478	-9046.473	429.9958	1.298318	1.871805	0.3832221	3.295524
1068	-8633.812	-9063.49	429.6775	1.305583	1.860789	0.4030674	3.459371
1074	-8610.37	-9040.063	429.6931	1.299442	2.037061	0.345998	3.459371
1080	-8595.587	-9024.286	428.6995	1.249272	2.037061	0.3500328	4.05664
1086	-8614.187	-9043.175	428.9875	1.28975	2.481949	0.3267842	3.760795
1092	-8611.165	-9040.908	429.7426	1.267608	1.993327	0.3267842	3.488214
1098	-8609.89	-9037.843	427.9531	1.183969	2.337588	0.2842034	4.507039
1104	-8604.22	-9032.928	428.7081	1.214222	1.818919	0.4306901	4.056624
1110	-8618.124	-9046.762	428.6382	1.207563	1.961455	0.3582475	4.130777
1116	-8615.099	-9044.413	429.314	1.21599	2.037883	0.3380656	3.737592
1122	-8604.725	-9033.575	428.8498	1.205834	2.037883	0.3380656	4.009938
1128	-8605.535	-9034.429	428.8935	1.275722	2.037883	0.4105546	3.861061
1134	-8614.573	-9044.357	429.7835	1.296524	2.017539	0.3368183	3.426369
1140	-8621.161	-9050.072	428.9116	1.2393	1.739427	0.3820311	4.008328
1146	-8614.668	-9042.44	427.7722	1.077848	1.739427	0.3820311	4.742854
1152	-8623.063	-9052.391	429.3272	1.212516	2.477923	0.3193973	3.619617
1158	-8626.83	-9056.366	429.5357	1.319536	1.836137	0.3193973	3.643426
1164	-8623.279	-9052.814	429.535	1.288491	1.716016	0.3850542	3.626682
1170	-8618.024	-9046.428	428.4037	1.177896	1.936582	0.3739716	4.2709
1176	-8616.768	-9045.388	428.6203	1.212198	1.936582	0.447865	4.048712
1182	-8616	-9044.699	428.6989	1.238833	1.684755	0.3892688	4.142305
1188	-8619.704	-9048.433	428.7282	1.131139	1.83572	0.3794065	4.142305
1194	-8616.416	-9044.118	427.7017	1.119374	1.991549	0.340328	4.719774
1200	-8605.223	-9034.355	429.1321	1.281446	2.188052	0.3522825	3.738613
1206	-8609.495	-9039.373	429.8783	1.356469	1.738804	0.3345791	3.439274
1212	-8603.472	-9032.989	429.5168	1.329415	2.236837	0.3396752	3.487725
1218	-8614.453	-9043.997	429.5444	1.329415	1.837699	0.3396752	3.606316
1224	-8621.992	-9049.694	427.7017	1.21117	1.921805	0.3847101	4.640539
1230	-8623.041	-9052.619	429.5779	1.323614	1.943509	0.4362252	3.441383
1236	-8636.058	-9066.089	430.0313	1.325503	1.838831	0.3585153	3.300229
1242	-8615.894	-9045.315	429.4214	1.343289	1.647881	0.3741852	3.699829
1248	-8623.392	-9053.304	429.9123	1.352493	2.073502	0.3363475	3.299483
1254	-8617.874	-9047.923	430.0481	1.321712	2.073502	0.3363475	3.237459
1260	-8625.801	-9055.548	429.7469	1.390349	1.975463	0.3363475	3.407924
1266	-8638.074	-9066.821	428.7476	1.316535	1.975463	0.3547399	4.00575
1272	-8628.224	-9057.288	429.0634	1.231228	2.095618	0.3623987	3.824633
1278	-8636.565	-9065.572	429.0077	1.229888	2.168648	0.3877789	3.804601
1284	-8629.385	-9058.625	429.2397	1.27999	1.902669	0.3790075	3.740858
1290	-8624.733	-9053.856	429.123	1.310628	2.070294	0.3304994	3.791884
1296	-8613.649	-9042.443	428.7932	1.200184	2.070294	0.3445294	4.026931
1302	-8615.316	-9044.563	429.2467	1.239101	2.164164	0.340059	3.719446
1308	-8611.338	-9040.162	428.8241	1.204339	1.913628	0.2913873	4.127584
1314	-8620.133	-9048.151	428.0179	1.143095	2.008999	0.3658152	4.493432
1320	-8611.111	-9038.678	427.5663	1.077917	1.811326	0.3533854	4.864512
1326	-8628.692	-9056.013	427.3215	1.077917	1.92686	0.387594	4.922344
1332	-8631.636	-9058.43	426.7938	1.053875	1.92686	0.338874	5.28376
1338	-8641.557	-9069.003	427.4454	1.108744	1.952587	0.338874	4.883427
1344	-8636.948	-9065.788	428.8396	1.18967	1.952587	0.345695	4.044266
1350	-8635.984	-9064.991	429.0069	1.223379	1.952587	0.345695	3.929336
1356	-8657.239	-9086.55	429.3112	1.204887	2.071391	0.345695	3.725091
1362	-8619.241	-9047.537	428.2958	1.224118	2.050953	0.3550664	4.289731
1368	-8619.688	-9048.866	429.1778	1.247891	2.174389	0.329153	3.764551
1374	-8632.411	-9061.71	429.2989	1.315084	2.002002	0.2676482	3.795402
1380	-8629.35	-9057.749	428.3989	1.167498	1.994021	0.300452	4.350186
1386	-8607.707	-9036.418	428.7111	1.22125	1.855494	0.3879545	4.084048
1392	-8617.878	-9045.744	427.8662	1.113296	1.855494	0.4026461	4.606373
1398	-8605.462	-9032.901	427.4387	1.068469	1.982239	0.2986433	4.949932
1404	-8612.173	-9039.938	427.7649	1.074736	1.665846	0.3749593	4.783913
1410	-8615.969	-9044.298	428.3294	1.162451	1.662557	0.405382	4.385682
1416	-8622.169	-9050.144	427.9743	1.066938	1.662557	0.405382	4.63905
1422	-8608.129	-9036.574	428.4449	1.138276	1.725156	0.405382	4.310414
1428	-8617.211	-9045.333	428.1221	1.180871	2.012369	0.385895	4.389587
1434	-8611.768	-9040.487	428.7188	1.166066	1.665147	0.4045535	4.163043
1440	-8595.923	-9023.617	427.6946	1.089259	1.838105	0.3457708	4.786149
1446	-8594.602	-9022.293	427.6916	1.159764	1.779491	0.4104449	4.696746
1452	-8597.127	-9025.017	427.8904	1.131029	1.858953	0.3506753	4.640216
1458	-8617.736	-9046.321	428.5847	1.147203	1.749099	0.2814882	4.367742
1464	-8611.285	-9040.365	429.0801	1.203522	1.829013	0.3846765	3.896393
1470	-8617.752	-9046.35	428.5983	1.169808	2.1217	0.3725402	4.105662
1476	-8626.562	-9055.667	429.105	1.219135	2.1217	0.3136523	3.859736
1482	-8617.418	-9046.266	428.8482	1.144123	2.1217	0.3009259	4.066274
1488	-8597.022	-9025.604	428.5823	1.139997	2.1217	0.332097	4.179999
1494	-8589.34	-9018.112	428.7722	1.293278	1.803743	0.3847113	4.030322
1500	-8618.683	-9046.938	428.2545	1.266216	1.971371	0.332097	4.343235
1506	-8602.654	-9031.179	428.5242	1.208617	2.113617	0.3904967	4.107985
1512	-8619.571	-9047.612	428.0409	1.175955	2.118877	0.3904967	4.398701
1518	-8613.118	-9041.374	428.2567	1.149619	2.0923	0.307992	4.398701
1524	-8603.332	-9031.592	428.26	1.195202	1.874928	0.3440005	4.398701
1530	-8598.677	-9026.93	428.2534	1.149582	1.874928	0.3691051	4.398701
1536	-8597.417	-9026.288	428.8707	1.298395	1.77976	0.3691051	3.997833
1542	-8599.613	-9028.301	428.6879	1.23442	1.796994	0.3735297	4.127096
1548	-8613.158	-9041.19	428.0319	1.284925	1.725342	0.3735297	4.495897
1554	-8608.64	-9036.932	428.2926	1.212745	1.725342	0.2875988	4.495897
1560	-8601.923	-9030.577	428.6544	1.249731	1.859751	0.3840661	4.102968
1566	-8593.589	-9021.5	427.9112	1.232964	1.859751	0.3789848	4.538467
1572	-8594.655	-9022.891	428.2366	1.145551	1.859751	0.3789848	4.404506
1578	-8604.36	-9032.048	427.6886	1.07677	1.859751	0.3197098	4.820642
1584	-8588.553	-9016.549	427.9957	1.197538	1.859751	0.340543	4.555616
1590	-8589.595	-9017.975	428.3796	1.199627	1.822408	0.340543	4.351346
1596	-8611.493	-9039.957	428.4642	1.224991	2.162132	0.4008564	4.106012
1602	-8614.822	-9043.48	428.6578	1.131011	2.126339	0.3251841	4.149361
1608	-8610.644	-9039.789	429.1454	1.357071	2.039027	0.3251841	3.769276
1614	-8624.462	-9053.481	429.0185	1.296132	2.20199	0.3692223	3.771132
1620	-8608.181	-9036.841	428.6603	1.249094	1.937178	0.3251841	4.143127
1626	-8609.874	-9037.519	427.6448	1.172356	1.937178	0.4161535	4.655007
1632	-8601.025	-9028.196	427.171	1.088762	1.937178	0.4018322	4.981149
1638	-8620.551	-9047.762	427.2107	1.136576	1.88218	0.3739392	4.981626
1644	-8618.439	-9045.687	427.2478	1.099428	1.88218	0.3739392	4.981626
1650	-8609.662	-9037.859	428.1972	1.1905	1.594585	0.3430025	4.541571
1656	-8611.415	-9039.245	427.8303	1.16342	1.594585	0.3585437	4.744018
1662	-8614.728	-9043.078	428.3495	1.16342	2.219854	0.3125514	4.29273
1668	-8614.372	-9043.257	428.8848	1.235614	2.093786	0.3634501	3.924028
1674	-8616.138	-9044.812	428.6744	1.199683	2.078021	0.3148351	4.129505
1680	-8612.5	-9040.004	427.5044	1.126993	2.089279	0.3148351	4.825546
1686	-8605.41	-9032.988	427.5783	1.120821	1.987427	0.3148351	4.8206
1692	-8614.584	-9043.043	428.4593	1.17036	1.704937	0.3738611	4.326716
1698	-8606.512	-9035.063	428.5512	1.2742	1.907185	0.363775	4.154456
1704	-8615.251	-9044.494	429.2428	1.272768	1.720871	0.4002861	3.785604
1710	-8614.988	-9044.923	429.9349	1.369832	2.312782	0.4048742	3.11597
1716	-8619.423	-9048.668	429.2456	1.202874	2.312782	0.3343755	3.702025
1722	-8621.188	-9048.916	427.7279	1.128079	1.66068	0.4391303	4.708388
1728	-8608.865	-9037.661	428.7954	1.224073	1.912272	0.3224883	4.092443
1734	-8622.899	-9051.503	428.604	1.148411	1.771057	0.3899181	4.214596
1740	-8609.474	-9037.882	428.4084	1.239538	1.830561	0.41525	4.22476
1746	-8614.221	-9042.107	427.8865	1.204835	1.830561	0.3413346	4.622046
1752	-8614.412	-9042.247	427.8353	1.24634	1.919623	0.407492	4.521711
1758	-8603.501	-9032.524	429.0232	1.290262	2.430569	0.3342819	3.745251
1764	-8614.817	-9044.208	429.391	1.260789	2.430569	0.3342819	3.549175
1770	-8610.958	-9041.141	430.1833	1.387535	1.884466	0.3342819	3.187316
1776	-8617.68	-9047.896	430.2158	1.39047	2.122949	0.3342819	3.083096
1782	-8594.803	-9024.109	429.3062	1.355056	2.122949	0.3858802	3.576437
1788	-8600.424	-9029.939	429.5151	1.313336	1.986893	0.3515362	3.565318
1794	-8608.469	-9038.814	430.3454	1.343611	1.954172	0.4049965	3.005863
1800	-8608.428	-9035.772	427.3435	1.097513	1.842549	0.3787576	4.937821
1806	-8599.081	-9027.229	428.1478	1.131352	1.842549	0.3433556	4.509985
1812	-8605.369	-9034.993	429.6242	1.404969	2.029388	0.3751157	3.405299
1818	-8612.286	-9042.287	430.0014	1.37878	2.029388	0.3624065	3.213797
1824	-8618.724	-9048.67	429.9456	1.386964	2.209158	0.3624065	3.182274
1830	-8615.933	-9046.185	430.2514	1.353378	1.920479	0.4009788	3.073011
1836	-8599.01	-9028.705	429.6954	1.361956	2.007313	0.3985569	3.369213
1842	-8603.035	-9032.681	429.6464	1.330023	2.012299	0.3808207	3.435342
1848	-8610.495	-9039.574	429.079	1.274729	1.907875	0.4995329	3.708537
1854	-8623.777	-9052.944	429.1667	1.237315	1.559708	0.4995329	3.81157
1860	-8628.231	-9056.903	428.6726	1.112754	1.715768	0.3438035	4.269776
1866	-8613.251	-9041.25	427.9987	1.171192	2.089383	0.3979269	4.426372
1872	-8614.252	-9042.378	428.1254	1.171192	2.116876	0.3307407	4.424053
1878	-8609.202	-9037.683	428.4803	1.18387	2.116876	0.3307407	4.216223
1884	-8630.516	-9059.867	429.3513	1.255479	2.268008	0.3861635	3.56176
1890	-8624.179	-9051.517	427.3385	1.029547	1.845458	0.4100328	4.943511
1896	-8603.259	-9030.716	427.457	1.089754	1.845458	0.3227981	4.943511
1902	-8606.822	-9035.086	428.2643	1.180544	1.845458	0.3543605	4.402512
1908	-8603.93	-9031.741	427.8103	1.227841	1.845496	0.349198	4.637253
1914	-8603.547	-9030.816	427.2684	1.096887	1.792099	0.3601062	5.018707
1920	-8618.786	-9045.945	427.1585	1.110963	2.014761	0.3410578	5.018707
1926	-8610.457	-9037.371	426.9142	1.059242	1.560607	0.3383221	5.347364
1932	-8605.571	-9032.503	426.9319	1.014237	1.724479	0.4247946	5.205258
1938	-8606.013	-9033.834	427.821	1.14634	1.575498	0.3144909	4.81945
1944	-8605.631	-9034.17	428.5391	1.257813	1.658581	0.3819783	4.240442
1950	-8610.845	-9039.595	428.7498	1.197128	1.879857	0.3347246	4.129744
1956	-8619.606	-9048.409	428.8033	1.136529	1.795866	0.3825084	4.107343
1962	-8632.034	-9060.688	428.6542	1.169108	1.937729	0.3279158	4.188451
1968	-8618.327	-9046.814	428.487	1.202632	1.937729	0.3767308	4.206139
1974	-8614.67	-9042.955	428.2842	1.269915	1.937729	0.2730274	4.413154
1980	-8602.366	-9031.656	429.29	1.266953	1.701882	0.3840224	3.787355
1986	-8626.949	-9056.439	429.4907	1.292401	1.701882	0.2806858	3.787345
1992	-8612.211	-9041.618	429.4075	1.369649	1.941749	0.422545	3.529219
1998	-8610.943	-9039.683	428.7407	1.270371	1.971625	0.3187607	4.081696
2004	-8613.182	-9041.574	428.3924	1.217798	1.908237	0.3583005	4.282598
2010	-8604.385	-9033.878	429.493	1.345311	2.083803	0.3184084	3.568742
2016	-8608.262	-9037.604	429.342	1.336209	2.053065	0.4043489	3.568742
2022	-8614.144	-9042.405	428.2618	1.188405	1.904825	0.3626344	4.369137
2028	-8625.075	-9053.414	428.339	1.128204	1.904825	0.3667042	4.354842
2034	-8629.105	-9057.951	428.846	1.231714	1.942685	0.3667042	3.995017
2040	-8615.777	-9043.859	428.0818	1.204412	2.141601	0.3667042	4.379262
2046	-8613.752	-9042.008	428.2565	1.167938	1.952911	0.3524336	4.379262
2052	-8594.016	-9022.83	428.8138	1.249165	1.952911	0.3489232	4.021005
2058	-8613.312	-9042.972	429.6608	1.254314	1.952911	0.3489232	3.5298
2064	-8638.172	-9067.224	429.052	1.273101	1.978771	0.2804628	3.950955
2070	-8625.159	-9054.189	429.0299	1.235121	1.978771	0.3058712	3.950955
2076	-8628.164	-9057.029	428.8649	1.258096	1.87803	0.4804205	3.870429
2082	-8603.187	-9032.267	429.0802	1.259518	1.87803	0.3641816	3.870429
2088	-8609.721	-9038.171	428.4502	1.189299	1.909307	0.3010017	4.336772
2094	-8618.11	-9046.527	428.4174	1.160755	1.984253	0.3010017	4.346051
2100	-8612.696	-9040.935	428.2398	1.250125	2.026789	0.3628603	4.305426
2106	-8625.854	-9054.411	428.5569	1.139493	1.964785	0.3628603	4.209099
2112	-8614.882	-9043.221	428.339	1.185155	2.002377	0.3628603	4.294102
2118	-8602.563	-9030.931	428.3678	1.126918	1.903425	0.3668335	4.339619
2124	-8606.347	-9035.191	428.8443	1.146264	1.903425	0.3668335	4.058169
2130	-8605.837	-9034.456	428.6191	1.166105	1.903425	0.3668335	4.175044
2136	-8614.846	-9044.065	429.2185	1.214425	1.903425	0.3678356	3.803548
2142	-8609.859	-9039.017	429.1577	1.316389	1.92949	0.3517582	3.78992
2148	-8606.684	-9036.783	430.0993	1.316233	1.92949	0.395429	3.188732
2154	-8611.272	-9041.817	430.5452	1.355224	1.67586	0.3189101	3.091278
2160	-8616.672	-9045.522	428.8492	1.141167	1.97721	0.361508	4.039233
2166	-8601.447	-9028.852	427.4051	1.085679	2.062258	0.2985857	4.933222
2172	-8612.306	-9040.826	428.5206	1.199148	1.707901	0.3376718	4.317317
2178	-8603.356	-9031.417	428.0614	1.160149	2.073156	0.3376718	4.471789
2184	-8615.755	-9044.228	428.4723	1.259894	1.794739	0.3289968	4.288997
2190	-8628.207	-9055.855	427.6481	1.096654	2.13378	0.3499177	4.705508
2196	-8646.942	-9075.79	428.8477	1.284197	1.976845	0.3579677	3.962642
2202	-8615.527	-9043.541	428.0138	1.129851	2.093214	0.3579677	4.485012
2208	-8603.535	-9031.987	428.4526	1.163172	1.803005	0.3579677	4.316892
2214	-8613.452	-9041.744	428.2919	1.169922	2.29257	0.2993482	4.316892
2220	-8610.919	-9039.368	428.4489	1.146473	1.767562	0.3791358	4.316892
2226	-8620.405	-9049.627	429.2222	1.279034	2.075874	0.3469169	3.730678
2232	-8609.564	-9038.998	429.4337	1.191033	1.835517	0.3284433	3.765283
2238	-8616.007	-9044.343	428.3368	1.188582	1.698718	0.3923752	4.367214
2244	-8605.919	-9034.586	428.6675	1.210773	1.839937	0.3225683	4.198011
2250	-8636.426	-9066.245	429.8197	1.405511	1.751726	0.3419501	3.430652
2256	-8637.652	-9067.499	429.8473	1.444783	1.751726	0.3502819	3.381079
2262	-8630.831	-9059.146	428.3148	1.200059	2.065758	0.3715289	4.268588
2268	-8615.821	-9044.87	429.0487	1.180187	1.671374	0.3976846	3.972051
2274	-8604.498	-9033.644	429.1454	1.347838	1.655935	0.3473794	3.884866
2280	-8599.132	-9027.925	428.7933	1.258377	2.021345	0.4575127	3.884866
2286	-8616.589	-9045.416	428.8264	1.251045	1.995958	0.3447878	4.003223
2292	-8613.191	-9041.632	428.4406	1.200708	2.271991	0.3929306	4.108163
2298	-8619.332	-9048.186	428.8546	1.169669	2.271991	0.3252172	3.969795
2304	-8625.057	-9052.635	427.5777	1.143172	1.820224	0.3252172	4.852404
2310	-8628.538	-9056.348	427.8102	1.147912	1.793353	0.4211651	4.620727
2316	-8620.548	-9048.828	428.2805	1.110399	1.793353	0.3127976	4.502393
2322	-8605.289	-9033.185	427.8961	1.091264	1.939396	0.3507623	4.631637
2328	-8611.52	-9039.981	428.4602	1.188514	1.460741	0.3536541	4.436597
2334	-8604.809	-9033.892	429.0831	1.167485	1.845366	0.3536541	3.945665
2340	-8624.274	-9053.203	428.9289	1.240401	1.845366	0.3939059	3.945665
2346	-8627.951	-9056.562	428.6107	1.259862	2.21818	0.3729673	4.016513
2352	-8614.661	-9043.353	428.6922	1.195868	2.21818	0.3175149	4.073843
2358	-8609.762	-9037.988	428.2257	1.214704	1.847503	0.3039735	4.466669
2364	-8618.242	-9046.506	428.2642	1.105513	1.963509	0.3039735	4.466669
2370	-8603.774	-9032.727	428.9525	1.203581	2.124203	0.3554872	3.903209
2376	-8596.292	-9025.496	429.204	1.379527	1.884239	0.3860597	3.702364
2382	-8614.499	-9043.101	428.6019	1.225808	1.644701	0.3860597	4.223752
2388	-8618.53	-9048.019	429.4896	1.256027	1.957011	0.369924	3.601646
2394	-8612.754	-9041.412	428.6584	1.174554	1.767492	0.4020203	4.156818
2400	-8606.447	-9035.017	428.5696	1.183201	1.937686	0.388646	4.156818
2406	-8618.283	-9046.583	428.3002	1.170608	1.766852	0.3154044	4.463692
2412	-8609.003	-9037.304	428.3007	1.140163	1.776254	0.3261021	4.463692
2418	-8607.663	-9035.79	428.1269	1.156673	1.964063	0.2924551	4.530071
2424	-8620.614	-9047.861	427.2474	1.068186	1.856829	0.3710798	5.011163
2430	-8623.491	-9051.582	428.0904	1.152758	2.08933	0.3932301	4.390209
2436	-8627.447	-9056.707	429.2603	1.290603	1.806279	0.3722631	3.765255
2442	-8615.118	-9043.97	428.8514	1.196519	1.932696	0.335163	4.053321
2448	-8629.405	-9057.68	428.2754	1.196519	1.944738	0.4152831	4.284714
2454	-8604.221	-9033.889	429.6686	1.469533	2.160373	0.2850383	3.413995
2460	-8614.935	-9043.577	428.6413	1.205209	2.160373	0.2899644	4.151749
2466	-8625.302	-9053.988	428.6861	1.335221	2.139589	0.3007965	4.044208
2472	-8624.602	-9052.193	427.5906	1.197742	2.139589	0.3007965	4.740113
2478	-8615.034	-9042.318	427.2839	1.124264	2.041143	0.2794555	5.011318
2484	-8597.204	-9025.286	428.0814	1.167102	2.000016	0.2794555	4.555404
2490	-8589.843	-9017.347	427.5041	1.138146	2.000016	0.3186465	4.843427
2496	-8596.281	-9024.361	428.0805	1.160362	2.000016	0.3014511	4.530285
2502	-8624.423	-9052.213	427.7901	1.195719	2.73173	0.251456	4.530285
2508	-8618.611	-9046.997	428.3867	1.214507	2.601222	0.251456	4.217242
2514	-8617.759	-9046.078	428.3189	1.21333	2.601222	0.3320968	4.147502
2520	-8606.566	-9034.724	428.1573	1.21333	2.419224	0.3507601	4.267121
2526	-8608.19	-9036.449	428.259	1.228613	2.419224	0.3270426	4.229745
2532	-8579.355	-9008.123	428.7682	1.228613	1.815538	0.3272446	4.133513
2538	-8609.166	-9038.12	428.9532	1.228613	1.851893	0.3971768	3.932546
2544	-8630.795	-9058.795	428	1.129042	1.651977	0.3609821	4.643274
2550	-8620.741	-9049.226	428.485	1.255111	1.621448	0.3787099	4.290721
2556	-8619.737	-9049.084	429.3469	1.255111	1.944428	0.3787099	3.679015
2562	-8606.542	-9034.544	428.0018	1.246686	2.008714	0.3252788	4.492802
2568	-8597.106	-9026.055	428.949	1.259876	2.112306	0.368337	3.861524
2574	-8599.813	-9028.905	429.092	1.220552	1.944293	0.3653176	3.861524
2580	-8599.376	-9028.057	428.681	1.180626	1.97543	0.3834526	4.087949
2586	-8611.958	-9040.138	428.1798	1.097644	2.017791	0.3834526	4.404904
2592	-8608.864	-9037.938	429.0747	1.260227	1.748712	0.3146662	3.981166
2598	-8614.197	-9042.47	428.2729	1.13582	1.748712	0.3414919	4.473011
2604	-8607.339	-9036.662	429.3228	1.317913	1.683003	0.4177297	3.708827
2610	-8599.019	-9028.394	429.3743	1.281594	1.740908	0.3858372	3.713318
2616	-8612.115	-9041.325	429.2101	1.331533	1.740908	0.3153206	3.864812
2622	-8611.129	-9040.368	429.2395	1.312492	1.681914	0.3509224	3.836777
2628	-8607.353	-9035.574	428.2212	1.286741	1.952379	0.4441654	4.231705
2634	-8585.07	-9014.199	429.1288	1.278991	1.952379	0.3784529	3.788691
2640	-8593.386	-9022.82	429.4338	1.34368	1.952379	0.383179	3.569323
2646	-8606.474	-9035.951	429.4765	1.35793	1.838844	0.4137287	3.542221
2652	-8608.626	-9038.317	429.6918	1.291382	1.757021	0.3908682	3.511537
2658	-8606.588	-9035.101	428.5131	1.144788	1.78456	0.3908682	4.262178
2664	-8628.976	-9056.434	427.4581	1.094202	1.78456	0.388991	4.884985
2670	-8624.968	-9052.471	427.5032	1.092866	1.78456	0.4629407	4.784326
2676	-8624.538	-9052.407	427.8685	1.218307	1.649309	0.4629407	4.559668
2682	-8627.19	-9056.893	429.7022	1.336106	1.742108	0.3634281	3.517163
2688	-8604.578	-9034.146	429.5679	1.304857	1.851286	0.3587969	3.578526
2694	-8608.585	-9037.778	429.1928	1.235759	1.761973	0.391675	3.829867
2700	-8603.474	-9032.207	428.7329	1.282605	1.800173	0.3839399	4.061024
2706	-8597.005	-9026.412	429.4071	1.280349	1.800173	0.3977062	3.659544
2712	-8597.49	-9026.524	429.0344	1.280349	1.88653	0.3792114	3.864276
2718	-8622.627	-9050.817	428.19	1.176236	1.810037	0.3036088	4.522115
2724	-8609.721	-9037.866	428.1449	1.058744	1.805845	0.3379576	4.571878
2730	-8605.383	-9033.429	428.046	1.122199	1.754663	0.3706725	4.571878
2736	-8602.236	-9030.283	428.0473	1.160733	1.962466	0.2904319	4.575729
2742	-8606.261	-9034.905	428.6442	1.204104	1.962466	0.4170271	4.063033
2748	-8592.528	-9021.314	428.7863	1.226814	1.94576	0.3572751	4.041944
2754	-8597.28	-9026.389	429.1099	1.279701	1.976153	0.4038082	3.762382
2760	-8600.221	-9029.699	429.4777	1.22169	1.904656	0.4038082	3.60802
2766	-8593.508	-9022.482	428.9735	1.226374	2.012332	0.3520734	3.918818
2772	-8603.339	-9031.755	428.4156	1.146398	1.757406	0.3731487	4.34626
2778	-8593.984	-9022.299	428.3146	1.116111	2.030109	0.3556461	4.34626
2784	-8615.581	-9044.181	428.5994	1.289143	1.894716	0.4014663	4.080238
2790	-8605.495	-9034.142	428.6467	1.185355	1.894716	0.3384233	4.185323
2796	-8616.11	-9045.03	428.9199	1.256778	1.623409	0.3384233	4.089538
2802	-8627.921	-9057.803	429.8823	1.330513	1.978846	0.3665373	3.325079
2808	-8625.468	-9054.81	429.3417	1.360215	1.823618	0.3196836	3.736262
2814	-8616.714	-9046.035	429.3213	1.324115	1.637664	0.2849621	3.885528
2820	-8612.112	-9040.197	428.0846	1.123897	1.778653	0.3321033	4.586081
2826	-8608.279	-9036.054	427.7747	1.191259	1.992942	0.3554752	4.620247
2832	-8622.782	-9050.626	427.8445	1.191259	1.984751	0.3554752	4.583826
2838	-8615.095	-9043.983	428.8879	1.218468	1.984751	0.288346	4.063048
2844	-8604.074	-9032.897	428.8228	1.299022	2.112161	0.2512833	4.065129
2850	-8596.448	-9024.967	428.5186	1.178061	1.839496	0.2783819	4.359295
2856	-8590.871	-9018.911	428.04	1.142852	1.839496	0.2995318	4.619971
2862	-8592.441	-9021.315	428.8737	1.172115	1.839496	0.2995318	4.132778
2868	-8593.033	-9020.991	427.958	1.145732	1.839496	0.3975778	4.547754
2874	-8592.007	-9020.355	428.3481	1.19347	1.839496	0.3198589	4.392136
2880	-8592.42	-9020.862	428.4413	1.172111	1.839496	0.3168077	4.355418
2886	-8605.437	-9033.838	428.4007	1.090113	1.651698	0.3426416	4.461822
2892	-8605.969	-9034.994	429.0254	1.275803	2.014158	0.3138671	3.907864
2898	-8610.823	-9039.718	428.8951	1.232407	1.589586	0.3266654	4.145539
2904	-8629.931	-9057.703	427.7718	1.181607	1.930297	0.4122879	4.585003
2910	-8619.689	-9048.33	428.6408	1.269559	1.813021	0.3901297	4.109313
2916	-8602.509	-9031.073	428.5637	1.204038	1.616134	0.4005954	4.252827
2922	-8595.97	-9024.145	428.1755	1.133753	1.606002	0.4005954	4.515567
2928	-8614.173	-9042.88	428.7073	1.195637	1.713991	0.4330972	4.103816
2934	-8604.32	-9033.358	429.0388	1.240734	1.708667	0.3618621	3.969716
2940	-8609.549	-9038.47	428.92	1.243618	2.014402	0.3270362	3.969716
2946	-8606.872	-9036.723	429.8511	1.289584	1.891651	0.3441827	3.425631
2952	-8618.779	-9048.327	429.548	1.289584	1.690033	0.3931614	3.619289
2958	-8617.409	-9046.387	428.9777	1.321937	1.690033	0.4428542	3.876042
2964	-8620.027	-9048.978	428.9509	1.253211	1.6024	0.3617783	4.054195
2970	-8628.691	-9057.374	428.6831	1.231667	2.028808	0.3162334	4.120671
2976	-8609.846	-9038.551	428.7051	1.179614	1.704294	0.3336378	4.230224
2982	-8613.307	-9041.204	427.8971	1.113703	1.798246	0.3336378	4.687931
2988	-8616.929	-9044.4	427.4711	1.279121	1.707693	0.3220757	4.880552
2994	-8617.002	-9045.14	428.1378	1.098224	1.88446	0.3692523	4.489271
3000	-8609.364	-9037.704	428.3396	1.211358	1.88446	0.3692523	4.311594
3006	-8623.774	-9052.485	428.711	1.264466	1.88446	0.3570031	4.08495
3012	-8614.159	-9043.702	429.5428	1.298868	1.805144	0.3191474	3.662928
3018	-8607.915	-9037.825	429.91	1.298868	1.805144	0.3026421	3.471256
3024	-8611.964	-9041.567	429.6028	1.29834	1.7716	0.3523566	3.599196
3030	-8613.886	-9043.078	429.1918	1.304417	1.833459	0.4226891	3.730557
3036	-8613.461	-9042.196	428.7346	1.167771	1.802316	0.3863275	4.121975
3042	-8612.581	-9040.329	427.7484	1.114133	1.925828	0.3317653	4.728906
3048	-8594.141	-9021.917	427.776	1.093542	1.925828	0.3285316	4.728906
3054	-8590.122	-9018.675	428.5525	1.230681	1.925828	0.3429732	4.196753
3060	-8595.126	-9024.052	428.9258	1.295522	1.839916	0.4090787	3.901103
3066	-8603.05	-9031.552	428.502	1.207621	1.985301	0.4090787	4.142829
3072	-8615.185	-9043.409	428.2245	1.097866	1.570845	0.4056032	4.516679
3078	-8608.128	-9036.229	428.101	1.162634	1.570845	0.4330592	4.520871
3084	-8607.054	-9034.915	427.8612	1.159549	1.871811	0.3884673	4.592996
3090	-8610.13	-9039.063	428.933	1.214475	1.849531	0.3177983	4.04749
3096	-8622.982	-9052.087	429.105	1.214475	1.893226	0.3784095	3.860112
3102	-8607.172	-9036.414	429.2419	1.314587	2.121703	0.3784095	3.646238
3108	-8594.035	-9022.359	428.3234	1.191075	2.154013	0.42261	4.184495
3114	-8608.899	-9037.696	428.7973	1.215445	2.154013	0.2932444	4.054654
3120	-8602.583	-9031.36	428.7767	1.307951	1.751902	0.2812588	4.167196
3126	-8593.266	-9022.067	428.8007	1.26067	1.915258	0.3451435	4.039435
3132	-8613.879	-9042.87	428.9915	1.377498	1.986291	0.2958425	3.902197
3138	-8597.478	-9026.77	429.2919	1.227584	1.986291	0.3491665	3.747391
3144	-8610.476	-9039.73	429.2537	1.306272	1.861326	0.3151922	3.81032
3150	-8609.732	-9038.586	428.8539	1.250911	1.892994	0.3151922	4.059859
3156	-8590.544	-9019.31	428.7658	1.344479	1.669846	0.3803096	4.059859
3162	-8594.505	-9023.366	428.8604	1.295981	1.803361	0.4061857	3.954686
3168	-8595.358	-9024.322	428.964	1.290612	1.803361	0.4061857	3.898397
3174	-8601.944	-9031.348	429.4033	1.313628	1.844485	0.3769641	3.6499
3180	-8599.543	-9028.893	429.3504	1.337427	1.844485	0.3916986	3.6499
3186	-8604.998	-9034.629	429.631	1.379498	1.888812	0.4217592	3.412565
3192	-8605.221	-9034.886	429.6649	1.347735	1.888812	0.4206185	3.412565
3198	-8602.67	-9032.114	429.444	1.354906	1.954644	0.330845	3.619366
3204	-8598.102	-9028.04	429.9372	1.346137	1.658553	0.3270812	3.451733
3210	-8606.534	-9034.797	428.2631	1.285376	1.945243	0.3674057	4.294242
3216	-8619.721	-9048.371	428.6501	1.191267	1.640924	0.3020895	4.319101
3222	-8621.314	-9049.712	428.398	1.185614	2.077745	0.4147412	4.177899
3228	-8614.622	-9042.891	428.2687	1.160007	1.897336	0.3106266	4.447314
3234	-8608.886	-9036.553	427.6668	1.094913	1.981088	0.3300139	4.768919
3240	-8617.901	-9046.338	428.4369	1.204091	1.933892	0.3454082	4.271666
3246	-8606.339	-9035.033	428.6935	1.211411	2.214294	0.3852259	3.984089
3252	-8624.123	-9051.809	427.686	1.217031	2.070764	0.3411311	4.647246
3258	-8607.136	-9035.899	428.7627	1.202661	1.896994	0.3411311	4.105425
3264	-8610.429	-9039.092	428.6629	1.197856	1.747394	0.3411311	4.218535
3270	-8604.758	-9033.363	428.6047	1.194625	1.797002	0.4212184	4.144546
3276	-8605.117	-9033.431	428.3142	1.207972	1.954897	0.3197699	4.363332
3282	-8620.459	-9049.498	429.0391	1.228192	1.954897	0.339479	3.914991
3288	-8619.135	-9048.253	429.1177	1.224063	1.954897	0.339479	3.87224
3294	-8621.066	-9049.433	428.3664	1.216944	1.816992	0.3934478	4.289808
3300	-8604.753	-9033.247	428.4941	1.189738	1.889505	0.4001559	4.199888
3306	-8601.999	-9030.665	428.6668	1.168942	1.889505	0.3999987	4.113765
3312	-8610.01	-9037.338	427.3283	1.038892	2.211868	0.3636708	4.876361
3318	-8589.663	-9017.7	428.0376	1.119844	2.167106	0.3636708	4.447414
3324	-8605.29	-9033.465	428.1752	1.176598	1.796036	0.3376491	4.492515
3330	-8612.193	-9040.129	427.9354	1.160209	1.796036	0.3804506	4.586634
3336	-8594.475	-9023.399	428.9238	1.225232	2.180903	0.3680168	3.874403
3342	-8606.349	-9035.042	428.6926	1.248329	2.358994	0.3846429	3.920405
3348	-8611.665	-9040.827	429.1621	1.268944	1.920068	0.4428974	3.716024
3354	-8620.97	-9048.939	427.9698	1.131355	1.711271	0.3832577	4.611282
3360	-8613.465	-9041.761	428.2958	1.158763	1.711271	0.4114727	4.381726
3366	-8623.04	-9051.322	428.2814	1.140126	1.548446	0.4114727	4.463577
3372	-8614.844	-9043.358	428.5135	1.172283	1.555006	0.4114727	4.311809
3378	-8605.014	-9033.384	428.3708	1.22225	1.922155	0.3380088	4.311809
3384	-8599.544	-9027.926	428.3818	1.251854	1.977557	0.3427431	4.264266
3390	-8593.395	-9021.905	428.5108	1.176129	1.975732	0.3287127	4.251916
3396	-8600.209	-9028.788	428.5788	1.167292	1.804223	0.3287127	4.278026
3402	-8600.166	-9029.201	429.0349	1.316205	1.89671	0.2865858	3.955855
3408	-8615.475	-9044.32	428.8448	1.222824	2.089497	0.3183043	4.011049
3414	-8616.661	-9044.753	428.0919	1.187996	1.994834	0.3985366	4.394474
3420	-8609.632	-9037.15	427.5181	1.154983	1.917784	0.3363182	4.831878
3426	-8608.349	-9035.643	427.2934	1.114338	1.917784	0.3750731	4.934665
3432	-8608.08	-9035.477	427.3975	1.068623	1.902854	0.3025107	4.994241
3438	-8601.583	-9029.422	427.8391	1.140151	1.755007	0.347853	4.704102
3444	-8606.499	-9034.482	427.9823	1.156682	1.755007	0.347853	4.61463
3450	-8605.141	-9033.938	428.7973	1.189685	1.755007	0.2946511	4.203347
3456	-8616.801	-9046.169	429.3678	1.292623	1.755007	0.3613813	3.733888
3462	-8608.695	-9038.272	429.5769	1.278209	1.913731	0.3613813	3.563327
3468	-8619.187	-9048.222	429.0355	1.268142	1.913731	0.3613813	3.881877
3474	-8604.771	-9033.037	428.266	1.238965	2.128708	0.3613813	4.265826
3480	-8612.525	-9039.529	427.004	1.12141	1.927126	0.327981	5.143196
3486	-8618.032	-9045.198	427.1659	1.12377	1.81838	0.3739452	5.035723
3492	-8626.308	-9054.952	428.6438	1.196873	2.007455	0.3438899	4.135435
3498	-8610.26	-9037.212	426.9512	1.102251	1.770353	0.2786277	5.300295
3504	-8602.252	-9029.581	427.3283	1.080064	1.87101	0.3047127	5.034352
3510	-8597.817	-9024.56	426.7431	1.037735	1.758578	0.3768644	5.335236
3516	-8606.7	-9034.335	427.6353	1.058197	1.758578	0.3038172	4.916593
3522	-8611.002	-9039.056	428.0541	1.089871	1.883484	0.2962946	4.630742
3528	-8613.094	-9041.857	428.7631	1.182756	2.246855	0.2962946	4.05987
3534	-8611.994	-9040.416	428.4228	1.17873	2.3794	0.353615	4.144168
3540	-8615.036	-9043.909	428.8736	1.210603	2.3794	0.3788881	3.838686
3546	-8619.904	-9048.636	428.7324	1.231818	2.3794	0.31748	3.982054
3552	-8630.55	-9059.877	429.3266	1.271093	1.870066	0.3077101	3.795283
3558	-8612.445	-9040.703	428.2574	1.232773	1.925013	0.3552294	4.348316
3564	-8605.197	-9033.889	428.6921	1.218633	1.692684	0.3552294	4.193761
3570	-8613.884	-9042.451	428.5673	1.152948	1.590508	0.3617151	4.333659
3576	-8618.337	-9046.117	427.7799	1.095988	1.590508	0.3685988	4.799893
3582	-8623.692	-9052.671	428.979	1.212581	1.665683	0.3685988	4.028503
3588	-8613.79	-9042.233	428.4431	1.177536	1.665683	0.3423755	4.383573
3594	-8610.119	-9038.985	428.8655	1.264108	1.66772	0.3718543	4.059355
3600	-8622.161	-9050.316	428.1548	1.134537	1.958982	0.4002915	4.399187
3606	-8602.265	-9030.651	428.3861	1.170165	1.742324	0.3357457	4.399187
3612	-8617.801	-9046.244	428.4435	1.156015	1.762241	0.4333121	4.257981
3618	-8601.189	-9029.508	428.3184	1.270782	1.912849	0.3238769	4.334643
3624	-8598.86	-9027.189	428.329	1.264647	1.912849	0.3238769	4.332119
3630	-8617.371	-9045.237	427.8659	1.082311	2.001786	0.3625515	4.619052
3636	-8626.282	-9054.025	427.7431	1.119839	1.710422	0.3325547	4.803832
3642	-8608.084	-9036.499	428.4147	1.172655	2.185606	0.3502419	4.214446
3648	-8608.181	-9036.876	428.695	1.193101	2.185606	0.3463719	4.04803
3654	-8603.607	-9032.827	429.2198	1.254247	1.760062	0.3259645	3.882772
3660	-8621.323	-9049.89	428.5677	1.268952	2.035694	0.3259645	4.150487
3666	-8606.355	-9035.44	429.0855	1.307287	2.035694	0.3259645	3.832588
3672	-8591.827	-9021.008	429.1802	1.294189	2.035694	0.2986168	3.821367
3678	-8578.072	-9005.677	427.6051	1.108493	1.98135	0.2842389	4.854316
3684	-8583.907	-9012.71	428.8036	1.250236	1.755989	0.3555514	4.08829
3690	-8601.78	-9029.882	428.1013	1.179623	1.755989	0.3820134	4.495207
3696	-8590.519	-9017.627	427.1078	1.133048	2.048992	0.3362023	5.029364
3702	-8598.459	-9027.205	428.7465	1.212359	2.210638	0.340087	4.007518
3708	-8602.071	-9030.908	428.8366	1.250603	1.719125	0.3869926	4.046669
3714	-8627.326	-9056.017	428.6909	1.264541	2.072988	0.2732729	4.14072
3720	-8603.153	-9031.826	428.6729	1.316919	2.055225	0.2732729	4.126905
3726	-8611.004	-9039.878	428.8749	1.265509	1.920154	0.2732729	4.086546
3732	-8609.781	-9037.829	428.0481	1.170229	2.382947	0.2770702	4.45792
3738	-8630.155	-9059.493	429.3375	1.198015	1.732465	0.3066568	3.882823
3744	-8611.519	-9039.228	427.7095	1.195638	1.849762	0.3066568	4.762607
3750	-8600.754	-9028.573	427.8195	1.095819	1.849762	0.3365376	4.719679
3756	-8602.776	-9031.297	428.5207	1.187701	1.935449	0.4299064	4.13831
3762	-8607.767	-9035.519	427.7526	1.074607	1.931742	0.3776266	4.693049
3768	-8607.954	-9035.813	427.8586	1.085623	1.768717	0.3537895	4.711783
3774	-8614.139	-9042.153	428.0143	1.210201	2.448577	0.3075149	4.395072
3780	-8587.527	-9014.983	427.4557	1.163036	2.161946	0.3075149	4.819201
3786	-8605.967	-9033.906	427.9391	1.180825	1.995326	0.333796	4.558956
3792	-8611.522	-9039.423	427.9005	1.255534	1.960182	0.3268032	4.558956
3798	-8611.264	-9039.206	427.9425	1.141177	1.960182	0.3241477	4.602874
3804	-8608.249	-9035.149	426.9006	1.104337	1.908732	0.3189809	5.227054
3810	-8610.977	-9037.777	426.8	1.115332	2.141647	0.3189809	5.201743
3816	-8604.285	-9032.505	428.22	1.045849	1.954141	0.3189809	4.509038
3822	-8602.177	-9029.301	427.1246	1.045849	1.906833	0.3246728	5.129087
3828	-8603.638	-9031.795	428.1574	1.139363	1.906833	0.3822163	4.432663
3834	-8596.801	-9024.935	428.1334	1.158278	1.789078	0.3822163	4.476952
3840	-8597.267	-9025.444	428.1773	1.19964	1.789078	0.3770271	4.43475
3846	-8598.885	-9027.024	428.1383	1.229821	1.674261	0.3448433	4.519601
3852	-8613.77	-9041.256	427.4862	1.070878	1.962278	0.4213475	4.786619
3858	-8599.268	-9026.956	427.6882	1.123473	1.999963	0.3481197	4.712973
3864	-8597.637	-9024.34	426.7034	1.100452	1.944976	0.3867706	5.247488
3870	-8604.363	-9031.453	427.0897	1.058892	1.791529	0.3867706	5.109263
3876	-8597.245	-9025.189	427.9445	1.046895	1.791529	0.2816267	4.76796
3882	-8596.807	-9023.534	426.7266	1.08977	1.823696	0.2808572	5.409274
3888	-8590.901	-9018.89	427.9889	1.155156	1.823696	0.3802738	4.549761
3894	-8607.109	-9035.55	428.4411	1.230216	1.609012	0.4156832	4.293971
3900	-8612.734	-9041.205	428.4708	1.246605	1.76939	0.3754486	4.251349
3906	-8596.736	-9025.678	428.9414	1.236097	1.838518	0.4135265	3.921901
3912	-8592.4	-9021.317	428.9172	1.26926	2.029785	0.351076	3.921936
3918	-8591.287	-9020.443	429.1559	1.241259	2.176509	0.375492	3.724245
3924	-8604.785	-9032.578	427.7925	1.217769	1.760831	0.3450224	4.68799
3930	-8599.407	-9026.837	427.4298	1.115755	1.820797	0.3744064	4.892089
3936	-8618.83	-9045.293	426.4628	1.084579	1.936293	0.3540809	5.428421
3942	-8589.716	-9018.607	428.8909	1.143249	1.936293	0.3540809	4.036982
3948	-8610.032	-9039.003	428.971	1.187918	1.936293	0.3814576	3.933707
3954	-8613.667	-9042.722	429.0556	1.219368	1.990352	0.3117039	3.933707
3960	-8627.249	-9055.975	428.7267	1.231427	1.525054	0.3304262	4.263097
3966	-8610.542	-9040.016	429.474	1.257051	1.472469	0.3793483	3.78541
3972	-8619.771	-9048.501	428.7301	1.263342	1.910051	0.3778435	4.041507
3978	-8624.007	-9053.064	429.0573	1.409937	1.753518	0.4578962	3.740049
3984	-8641.017	-9068.541	427.5248	1.167522	1.759865	0.394875	4.809393
3990	-8619.023	-9047.858	428.8351	1.267978	1.567157	0.4048718	4.07716
3996	-8615.043	-9043.651	428.6083	1.233015	2.004593	0.4048718	4.065971
4002	-8611.311	-9040.041	428.7296	1.217378	1.525262	0.4048718	4.183061
4008	-8616.497	-9045.851	429.3542	1.281572	1.510419	0.3493204	3.859539
4014	-8614.801	-9044.278	429.477	1.271228	1.813684	0.3976955	3.619309
4020	-8618.493	-9047.558	429.0648	1.286671	1.754004	0.4246266	3.841147
4026	-8603.103	-9032.408	429.3049	1.242772	1.754004	0.4246266	3.728087
4032	-8597.901	-9027.396	429.4941	1.293728	1.720423	0.3459742	3.691992
4038	-8599.858	-9028.959	429.1007	1.249429	1.720423	0.3619218	3.924731
4044	-8600.05	-9028.774	428.724	1.249429	1.720423	0.2945626	4.223987
4050	-8613.085	-9041.125	428.0398	1.154163	1.720423	0.2932491	4.664951
4056	-8603.358	-9030.937	427.5794	1.120584	1.720423	0.3743407	4.842208
4062	-8618.08	-9046.154	428.0738	1.236774	2.182647	0.3737044	4.344669
4068	-8613.975	-9041.729	427.7536	1.121549	1.946847	0.3824413	4.655729
4074	-8623.013	-9050.875	427.8613	1.214874	1.978719	0.3513638	4.567926
4080	-8612.887	-9041.741	428.8543	1.287717	1.816982	0.3513638	4.020678
4086	-8606.321	-9035.796	429.4742	1.264409	2.075491	0.3167005	3.631644
4092	-8594.687	-9024.104	429.417	1.326942	2.268377	0.3350531	3.543379
4098	-8600.668	-9030.346	429.6783	1.365498	1.624434	0.3464758	3.580577
4104	-8603.3	-9032.556	429.256	1.276799	1.624434	0.3313068	3.894391
4110	-8611.242	-9039.257	428.0149	1.161839	1.568884	0.3581083	4.652251
4116	-8615.036	-9043.07	428.0332	1.154604	1.931397	0.3533952	4.518699
4122	-8617.515	-9045.504	427.9893	1.184972	1.931397	0.3425715	4.539163
4128	-8607.427	-9035.445	428.0177	1.183602	1.931397	0.3300912	4.539163
4134	-8610.442	-9040.076	429.6344	1.347531	2.002468	0.3423937	3.481853
4140	-8605.326	-9035.272	429.9459	1.36079	2.209297	0.3423937	3.22246
4146	-8611.448	-9041.232	429.784	1.30951	1.792038	0.3959835	3.428115
4152	-8615.719	-9044.646	428.9269	1.27314	1.744465	0.3959835	3.962639
4158	-8644.653	-9073.105	428.4515	1.114709	2.120153	0.3305447	4.270919
4164	-8605.809	-9034.164	428.3552	1.17929	1.994285	0.3493986	4.306849
4170	-8624.716	-9052.692	427.9762	1.085972	1.994285	0.3493986	4.572989
4176	-8616.563	-9044.202	427.6395	1.142149	1.994285	0.3247318	4.759944
4182	-8613.788	-9041.258	427.4706	1.106101	1.675945	0.3580248	4.945965
4188	-8611.845	-9039.735	427.8901	1.144771	2.042609	0.3595051	4.560644
4194	-8615.111	-9042.664	427.5528	1.181039	1.834515	0.3997488	4.754351
4200	-8605.287	-9033.408	428.1205	1.166563	1.942934	0.3247105	4.49373
4206	-8622.926	-9051.427	428.5011	1.16027	2.09605	0.3211822	4.236419
4212	-8622.286	-9050.641	428.3551	1.211284	2.269477	0.3211822	4.236419
4218	-8608.466	-9036.879	428.4137	1.183771	2.141021	0.2946398	4.292787
4224	-8609.906	-9038.047	428.1409	1.153586	1.67557	0.3441534	4.561318
4230	-8611.635	-9040.169	428.5338	1.218375	1.853445	0.3994696	4.17454
4236	-8613	-9041.136	428.1359	1.191931	2.030356	0.3257561	4.44045
4242	-8618.339	-9046.987	428.6488	1.26238	1.63992	0.3661037	4.201029
4248	-8642.157	-9072.361	430.2045	1.393406	1.654178	0.2970299	3.308981
4254	-8632.703	-9062.292	429.5887	1.343201	2.085471	0.334892	3.492495
4260	-8623.95	-9053.987	430.036	1.398846	2.042093	0.3354872	3.21073
4266	-8622.56	-9052.64	430.0805	1.342239	1.857303	0.3354872	3.283294
4272	-8593.961	-9023.297	429.3365	1.342239	2.073636	0.3354872	3.642878
4278	-8592.334	-9022.214	429.8796	1.290793	1.695645	0.3354872	3.492414
4284	-8611.433	-9040.832	429.3987	1.267817	1.80106	0.355871	3.71991
4290	-8608.842	-9037.257	428.4151	1.223364	1.80106	0.3299391	4.33851
4296	-8615.271	-9043.485	428.2137	1.167358	1.74555	0.3299391	4.503805
4302	-8608.18	-9035.894	427.714	1.157928	2.243816	0.2901476	4.675505
4308	-8621.241	-9049.968	428.7274	1.183798	2.243816	0.3509646	4.011304
4314	-8607.275	-9035.314	428.0389	1.136471	1.663472	0.4216473	4.546272
4320	-8610.424	-9038.238	427.8148	1.111373	1.684299	0.3613042	4.744181
4326	-8614.188	-9041.862	427.6743	1.057215	1.966381	0.3613042	4.753506
4332	-8613.444	-9041.522	428.0781	1.096081	1.846418	0.3485244	4.561399
4338	-8614.569	-9042.492	427.9234	1.117007	1.789799	0.3485244	4.65651
4344	-8603.871	-9031.325	427.4538	1.095511	2.086279	0.3188118	4.867283
4350	-8602.215	-9029.669	427.4536	1.140043	1.820663	0.3496557	4.893726
4356	-8608.746	-9036.876	428.1294	1.19705	1.915542	0.3614889	4.436609
4362	-8605.686	-9033.671	427.9853	1.199189	1.824506	0.4151874	4.488743
4368	-8591.898	-9019.779	427.8812	1.179455	2.092315	0.3963166	4.488743
4374	-8611.969	-9041.69	429.7211	1.425712	1.81612	0.3788626	3.407663
4380	-8599.564	-9029.419	429.8547	1.387116	1.81612	0.3933798	3.33508
4386	-8609.216	-9039.1	429.8841	1.415718	1.950678	0.3933798	3.252077
4392	-8598.704	-9027.778	429.0732	1.305279	1.829113	0.3778524	3.8497
4398	-8602.735	-9030.558	427.8227	1.16024	1.910104	0.3399985	4.656875
4404	-8606.021	-9033.681	427.6601	1.222257	1.726919	0.334396	4.784689
4410	-8608.28	-9037.275	428.995	1.235946	1.662829	0.334396	4.048184
4416	-8609.243	-9037.747	428.5046	1.222477	2.195009	0.3175581	4.172559
4422	-8600.003	-9028.989	428.9859	1.238166	1.958222	0.3175581	3.966148
4428	-8608.026	-9036.939	428.9135	1.252701	2.017022	0.3253288	3.969561
4434	-8612.04	-9040.244	428.2038	1.11518	2.017022	0.3253288	4.450331
4440	-8612.229	-9039.944	427.715	1.112199	1.93167	0.345878	4.729655
4446	-8604.311	-9032.829	428.5172	1.201882	1.93032	0.345878	4.228107
4452	-8611.435	-9040.615	429.1801	1.275397	2.023497	0.3123565	3.818107
4458	-8622.211	-9051.441	429.2304	1.258007	1.81534	0.3552429	3.818107
4464	-8613.377	-9041.155	427.7784	1.151373	1.81534	0.3552429	4.701454
4470	-8609.78	-9037.991	428.2104	1.151373	1.888711	0.3552429	4.433241
4476	-8626.653	-9054.45	427.7965	1.139745	1.58457	0.3552429	4.783859
4482	-8606.68	-9034.566	427.8859	1.119713	1.747245	0.3341666	4.708594
4488	-8599.739	-9027.194	427.455	1.083471	2.025815	0.3341666	4.873762
4494	-8596.657	-9026.005	429.3483	1.249114	1.810932	0.3062658	3.818659
4500	-8605.997	-9035.481	429.4836	1.185203	2.092309	0.3424876	3.633757
4506	-8601.18	-9030.023	428.8427	1.262216	1.804945	0.3424876	4.056925
4512	-8615.879	-9044.379	428.4993	1.245356	1.756142	0.3838226	4.231274
4518	-8617.568	-9044.401	426.8329	1.078196	2.017323	0.3500649	5.205905
4524	-8616.308	-9044.922	428.6144	1.214068	1.778497	0.3212019	4.250084
4530	-8615.397	-9044.117	428.7192	1.2819	1.846395	0.4065311	4.02756
4536	-8594.308	-9024.161	429.8534	1.349998	1.882187	0.4060482	3.319042
4542	-8596.061	-9025.212	429.1506	1.273708	1.882187	0.3410878	3.84818
4548	-8608.408	-9037.546	429.1378	1.24455	1.619748	0.3470701	3.963043
4554	-8607.51	-9036.578	429.068	1.264123	1.619748	0.371315	3.963043
4560	-8618.406	-9047.365	428.9586	1.177874	1.818901	0.3542721	4.019642
4566	-8601.855	-9030.955	429.1004	1.258373	1.98268	0.3687659	3.817777
4572	-8623.119	-9052.11	428.9914	1.297079	1.98268	0.386838	3.837407
4578	-8625.559	-9054.379	428.8197	1.232449	2.418434	0.3051864	3.936396
4584	-8641.921	-9070.615	428.6943	1.157701	1.857295	0.3878224	4.129311
4590	-8615.337	-9043.59	428.2529	1.191856	1.583311	0.3880316	4.462054
4596	-8632.429	-9060.462	428.0325	1.190265	1.965938	0.422902	4.410307
4602	-8651.393	-9079.884	428.4912	1.177225	1.626502	0.4144054	4.290162
4608	-8621.92	-9050.677	428.7572	1.222841	1.421937	0.3335098	4.29034
4614	-8616.409	-9046.314	429.9047	1.308083	1.449372	0.4274277	3.46248
4620	-8624.967	-9054.491	429.5244	1.338192	1.762607	0.2838995	3.714025
4626	-8611.387	-9040.161	428.7747	1.245791	1.810129	0.2858211	4.17615
4632	-8614.503	-9043.266	428.7626	1.237882	1.810129	0.2942412	4.17615
4638	-8597.014	-9026.476	429.462	1.30056	2.100564	0.3400615	3.579692
4644	-8612.68	-9041.721	429.0413	1.227058	1.790751	0.3586651	3.949277
4650	-8601.104	-9030.884	429.7796	1.3133	1.672794	0.3890456	3.482128
4656	-8604.32	-9034.062	429.7417	1.391755	1.733347	0.3890456	3.434915
4662	-8616.859	-9045.973	429.1142	1.307218	2.361228	0.408157	3.616397
4668	-8622.86	-9052.994	430.1346	1.411575	1.7757	0.3650458	3.204048
4674	-8623.933	-9054.162	430.229	1.438676	1.912648	0.4117597	3.025918
4680	-8613.835	-9042.97	429.135	1.279784	1.912648	0.3565027	3.824196
4686	-8610.468	-9039.418	428.9496	1.248663	2.052651	0.3614186	3.895239
4692	-8607.638	-9035.822	428.1833	1.231101	2.413694	0.2966469	4.311912
4698	-8616.95	-9045.947	428.9977	1.165822	1.866518	0.3046013	4.049427
4704	-8615.414	-9043.059	427.6456	1.20317	2.154997	0.3046013	4.696588
4710	-8614.684	-9042.642	427.9585	1.139378	2.154997	0.3094269	4.550741
4716	-8619.76	-9048.265	428.5056	1.258943	1.749072	0.3612344	4.248493
4722	-8599.493	-9027.106	427.6129	1.155744	1.808689	0.312006	4.846371
4728	-8598.125	-9026.467	428.3426	1.168693	1.658845	0.37801	4.406293
4734	-8602.89	-9031.842	428.9515	1.256979	2.125313	0.3505135	3.878759
4740	-8600.308	-9028.267	427.9589	1.203158	1.861958	0.3415067	4.571195
4746	-8602.596	-9031.258	428.6611	1.157748	1.861958	0.3607174	4.177538
4752	-8604.735	-9034.154	429.4186	1.32476	1.861958	0.3643562	3.643094
4758	-8605.801	-9035.603	429.8024	1.394373	1.861958	0.3496981	3.396601
4764	-8606.022	-9035.469	429.4473	1.316382	2.13669	0.3013003	3.617516
