Iteration	Posterior	Likelihood	Prior	rate_log_sd	rate_loss	rate_neo	tree_length
0	-8598.23	-9026.344	428.1135	1.126606	2.038643	0.3748139	4.428859
6	-8601.619	-9030.083	428.4638	1.123196	2.038643	0.3612502	4.248447
12	-8609.908	-9038.726	428.8183	1.165187	2.178033	0.3780774	3.958539
18	-8621.5	-9049.355	427.8555	1.066062	2.178033	0.3747109	4.564087
24	-8606.302	-9034.316	428.014	1.067088	1.901558	0.3166074	4.633565
30	-8622.689	-9051.054	428.3653	1.120786	1.566436	0.3260134	4.518181
36	-8622.687	-9050.911	428.2238	1.123318	1.656009	0.4407625	4.43279
42	-8613.515	-9041.749	428.2339	1.183702	1.687305	0.3001676	4.542744
48	-8604.517	-9032.693	428.1759	1.173936	1.754461	0.3068336	4.54724
54	-8610.35	-9039.112	428.7624	1.210895	2.249151	0.3068336	4.029568
60	-8609.617	-9038.337	428.7203	1.219951	1.806024	0.3068336	4.195149
66	-8607.492	-9036.202	428.7098	1.209575	2.020501	0.3025652	4.138559
72	-8626.628	-9055.936	429.3078	1.175218	2.020501	0.3357346	3.773393
78	-8630.395	-9059.268	428.8724	1.257259	1.957453	0.2877655	4.059805
84	-8628.191	-9057.516	429.3243	1.321298	1.764612	0.383289	3.71326
90	-8611.624	-9041.492	429.8682	1.352907	2.011014	0.385965	3.286076
96	-8624.127	-9053.798	429.6708	1.305453	1.848151	0.3985852	3.47299
102	-8610.872	-9038.98	428.1075	1.159618	1.97947	0.3058095	4.516657
108	-8609.343	-9037.233	427.8892	1.086295	1.617579	0.3823665	4.718206
114	-8620.867	-9049.467	428.6002	1.180674	2.066488	0.3823665	4.104988
120	-8612.3	-9041.45	429.1496	1.325057	2.008035	0.291902	3.839557
126	-8609.698	-9039.164	429.4658	1.3008	2.111539	0.291902	3.636779
132	-8601.465	-9030.564	429.0989	1.325451	2.111539	0.3587158	3.749152
138	-8608.624	-9037.676	429.052	1.294705	1.822233	0.3587158	3.892823
144	-8599.894	-9028.909	429.0154	1.27155	1.907119	0.3587158	3.896932
150	-8599.334	-9028.031	428.697	1.263019	1.907119	0.3587158	4.08384
156	-8586.723	-9015.825	429.102	1.233538	1.61295	0.3674048	3.968305
162	-8589.011	-9017.023	428.0113	1.125508	2.007773	0.3348872	4.544055
168	-8601.799	-9030.106	428.3071	1.13812	1.713907	0.3348872	4.473349
174	-8599.855	-9028.825	428.9696	1.213038	1.713907	0.2932563	4.10932
180	-8611.623	-9040.268	428.6449	1.246062	1.8056	0.3906747	4.12246
186	-8610.259	-9039.389	429.1297	1.222588	2.041908	0.3096796	3.874755
192	-8615.023	-9043.922	428.8992	1.178619	2.130938	0.345632	3.957752
198	-8608.74	-9037.828	429.0876	1.223404	1.713583	0.438223	3.865315
204	-8617.269	-9046.31	429.0413	1.281279	2.031817	0.4192083	3.765445
210	-8609.735	-9038.003	428.2684	1.257933	2.031817	0.3444925	4.304958
216	-8595.137	-9023.149	428.0126	1.14683	2.031817	0.3223105	4.539011
222	-8612.173	-9039.925	427.7519	1.129658	1.818181	0.3223105	4.767089
228	-8610.572	-9039.027	428.455	1.182955	2.09935	0.3223105	4.247231
234	-8608.513	-9037.077	428.564	1.221122	2.09935	0.3858339	4.088004
240	-8588.155	-9016.902	428.7471	1.229135	2.303418	0.2808292	4.046546
246	-8595.192	-9023.726	428.5345	1.228237	1.938591	0.3386688	4.209233
252	-8592.461	-9021.144	428.6834	1.192695	2.066871	0.3089228	4.139654
258	-8590.578	-9018.398	427.8194	1.138216	1.860866	0.3089228	4.726505
264	-8589.261	-9017.986	428.7257	1.239919	1.67602	0.3038088	4.23295
270	-8597.304	-9026.341	429.037	1.32551	1.87141	0.3136135	3.922198
276	-8599.494	-9028.857	429.3625	1.303834	1.87141	0.3136135	3.747504
282	-8590.842	-9020.256	429.4144	1.276609	1.720392	0.3463657	3.747504
288	-8592.415	-9021.087	428.6722	1.256532	1.696479	0.437089	4.091628
294	-8607.942	-9037.126	429.1847	1.32724	2.096672	0.437089	3.615426
300	-8598.079	-9027.799	429.7198	1.32724	2.04983	0.3572945	3.409286
306	-8601.457	-9030.505	429.0473	1.248226	1.863786	0.3572945	3.909006
312	-8648.663	-9075.483	426.8194	1.000011	1.785423	0.3540587	5.330146
318	-8639.053	-9065.433	426.3794	0.9172111	2.020973	0.3540587	5.538861
324	-8633.121	-9061.457	428.3363	1.159737	1.828235	0.4270764	4.299136
330	-8629.359	-9057.586	428.2279	1.118407	2.020973	0.3540587	4.398787
336	-8616.665	-9044.316	427.6514	1.083635	1.867626	0.3540587	4.793402
342	-8608.656	-9037.652	428.9963	1.204051	1.75902	0.3421523	4.019722
348	-8624.559	-9054.131	429.5724	1.185582	1.63227	0.4326279	3.644976
354	-8612.811	-9041.567	428.7564	1.175344	1.758932	0.4057504	4.099727
360	-8607.796	-9036.343	428.5471	1.144129	1.725746	0.4057504	4.248652
366	-8601.165	-9029.568	428.4034	1.196447	2.078551	0.4376059	4.144437
372	-8605.207	-9033.421	428.2142	1.180967	2.324086	0.4035281	4.220863
378	-8607.989	-9036.701	428.7115	1.190203	1.713774	0.401957	4.137784
384	-8604.003	-9032.65	428.6472	1.225052	1.56471	0.3866483	4.22944
390	-8618.005	-9046.819	428.8138	1.193316	1.56471	0.3866483	4.152906
396	-8617.935	-9046.249	428.3135	1.191465	2.327701	0.3866483	4.176093
402	-8627.986	-9057.418	429.4316	1.329688	1.691855	0.3585869	3.703058
408	-8623.387	-9052.812	429.4251	1.336171	1.691855	0.3585869	3.703058
414	-8614.57	-9042.905	428.3351	1.130816	2.087942	0.3026803	4.373386
420	-8610.524	-9039.336	428.8115	1.186666	1.92398	0.4321448	3.974668
426	-8616.561	-9045.11	428.5486	1.142653	1.911133	0.4321448	4.154085
432	-8599.322	-9028.103	428.7812	1.262575	2.008993	0.3600703	3.999755
438	-8604.742	-9034.236	429.4945	1.339741	2.001578	0.3600703	3.546586
444	-8588.109	-9016.765	428.6556	1.298158	1.835007	0.3434317	4.13109
450	-8590.679	-9018.87	428.1913	1.299068	1.70397	0.3491229	4.434507
456	-8588.655	-9016.526	427.8707	1.170004	1.70397	0.3080234	4.737523
462	-8605.387	-9033.802	428.4152	1.235584	2.231274	0.3080234	4.21698
468	-8598.804	-9028.1	429.2957	1.424428	1.810959	0.324871	3.723703
474	-8598.693	-9028.151	429.4578	1.396713	2.345437	0.324871	3.468323
480	-8598.62	-9028.91	430.2895	1.394033	1.856517	0.4064718	3.043117
486	-8601.258	-9030.959	429.7011	1.326819	2.161773	0.4064718	3.326049
492	-8617.04	-9046.013	428.9726	1.258432	1.993519	0.3054302	3.966007
498	-8610.788	-9039.258	428.4696	1.21516	1.871667	0.4261238	4.177846
504	-8613.751	-9042.677	428.9257	1.234173	2.147608	0.3418779	3.910053
510	-8613.632	-9042.542	428.9101	1.197172	2.120861	0.3418779	3.948742
516	-8615.567	-9044.514	428.9475	1.197172	2.05479	0.3418779	3.948742
522	-8589.913	-9018.892	428.9786	1.221746	1.660586	0.3133362	4.093158
528	-8607.73	-9036.38	428.6508	1.153062	1.419249	0.367002	4.351183
534	-8621.322	-9049.628	428.3059	1.194373	1.501588	0.3189811	4.545294
540	-8612.648	-9042.193	429.5449	1.239391	1.501588	0.4054209	3.712903
546	-8614.881	-9044.347	429.4662	1.233728	1.501588	0.4251276	3.740241
552	-8609.758	-9038.835	429.0764	1.213579	1.858596	0.3293532	3.94815
558	-8622.814	-9050.63	427.8154	1.180513	1.858596	0.353648	4.651101
564	-8614.269	-9042.693	428.424	1.282266	1.614937	0.3336339	4.365527
570	-8596.242	-9024.231	427.9892	1.201948	1.951454	0.3336339	4.533759
576	-8616.973	-9045.36	428.3865	1.18697	1.874212	0.3092099	4.375522
582	-8611.765	-9040.225	428.4595	1.141122	1.842398	0.3092099	4.371351
588	-8613.404	-9042.107	428.7034	1.141555	1.842398	0.3092099	4.233112
594	-8609.347	-9038.527	429.1798	1.237855	2.04611	0.3880956	3.740243
600	-8604.808	-9033.421	428.6134	1.171433	2.04611	0.3880956	4.102955
606	-8612.83	-9041.796	428.9663	1.222242	1.939954	0.3880956	3.907974
612	-8620.066	-9049.011	428.9452	1.240357	1.627513	0.3880956	4.024591
618	-8626.71	-9055.587	428.8764	1.213881	1.627513	0.4385738	4.024591
624	-8627.021	-9055.712	428.6904	1.127051	2.20835	0.3435819	4.084598
630	-8633.248	-9061.65	428.4013	1.193411	1.814862	0.4548302	4.219685
636	-8600.9	-9029.455	428.5558	1.088545	2.016945	0.3641659	4.219685
642	-8597.112	-9025.802	428.6903	1.216813	1.895521	0.3583009	4.118475
648	-8604.36	-9033.265	428.9049	1.178046	2.156016	0.3583009	3.931629
654	-8620.976	-9049.68	428.7045	1.194714	1.735739	0.3583009	4.180491
660	-8612.369	-9041.051	428.6817	1.194714	1.764532	0.3602526	4.180491
666	-8616.908	-9045.336	428.4282	1.196548	2.18869	0.3602526	4.180397
672	-8607.96	-9036.383	428.4234	1.196935	2.11	0.383994	4.180397
678	-8605.543	-9033.585	428.0416	1.176274	2.11	0.383994	4.408148
684	-8604.604	-9032.596	427.9921	1.126674	2.11	0.383994	4.464007
690	-8604.296	-9032.188	427.8924	1.154388	1.780091	0.336974	4.670263
696	-8607.207	-9035.774	428.5666	1.222588	1.792563	0.2650103	4.342555
702	-8606.321	-9034.686	428.3641	1.188741	2.202945	0.2629248	4.342555
708	-8614.694	-9043.217	428.5229	1.184923	1.89177	0.2629248	4.356406
714	-8611.491	-9039.861	428.3693	1.163285	1.969445	0.2741129	4.41305
720	-8597.647	-9026.009	428.3624	1.17735	2.182969	0.2607623	4.359234
726	-8608.004	-9035.833	427.829	1.146946	1.775814	0.2601557	4.812008
732	-8618.642	-9045.968	427.3262	1.076477	1.998239	0.2601557	5.054911
738	-8629.257	-9056.476	427.2184	1.088194	2.287152	0.2601557	5.019058
744	-8629.291	-9057.594	428.3029	1.114637	1.788706	0.3229882	4.476222
750	-8617.777	-9045.989	428.2115	1.107059	1.948563	0.3229882	4.476222
756	-8623.682	-9051.357	427.6749	1.107059	1.948563	0.3229882	4.777067
762	-8611.542	-9039.816	428.2739	1.16583	1.776282	0.3365261	4.451505
768	-8618.72	-9047.055	428.3344	1.151048	1.693052	0.4003896	4.383124
774	-8612.203	-9040.257	428.0544	1.131499	1.969291	0.4003896	4.453967
780	-8614.625	-9043.686	429.0603	1.275345	1.79128	0.2966298	3.988778
786	-8615.675	-9044.872	429.1977	1.256793	1.755846	0.3748938	3.836387
792	-8628.46	-9058.074	429.614	1.386566	1.761898	0.3748938	3.518053
798	-8609.281	-9039.001	429.7203	1.330428	1.761898	0.3748938	3.488804
804	-8608.18	-9037.871	429.6909	1.357394	1.566295	0.318719	3.636702
810	-8614.182	-9043.973	429.7915	1.384444	1.566295	0.3554285	3.516365
816	-8605.933	-9035.121	429.1884	1.254806	1.693754	0.3554285	3.889286
822	-8623.44	-9051.404	427.9637	1.147385	1.770426	0.3554285	4.61576
828	-8621.885	-9050.279	428.3938	1.116237	1.770426	0.405325	4.335137
834	-8600.498	-9028.849	428.351	1.189286	1.875337	0.3569476	4.335137
840	-8617.018	-9045.516	428.4976	1.150281	1.837566	0.3569476	4.287547
846	-8613.824	-9042.233	428.4084	1.13413	2.011815	0.3569476	4.287547
852	-8635.43	-9064.319	428.8891	1.211241	1.704202	0.3421066	4.097355
858	-8625.076	-9053.951	428.8758	1.175935	1.834002	0.3606982	4.054949
864	-8623.54	-9052.038	428.4984	1.198661	2.137543	0.3606982	4.154804
870	-8631.779	-9060.396	428.6168	1.21826	1.900726	0.3606982	4.154804
876	-8634.55	-9063.049	428.4993	1.141423	1.757816	0.3606982	4.316014
882	-8613.566	-9042.311	428.7448	1.266167	1.757816	0.3481737	4.120804
888	-8616.573	-9044.607	428.0346	1.13347	1.892274	0.3162314	4.588477
894	-8602.031	-9030.473	428.4418	1.219208	1.892274	0.3615773	4.255471
900	-8613.747	-9042.269	428.5217	1.20721	1.726444	0.3438605	4.297665
906	-8598.174	-9026.987	428.8132	1.21271	1.726444	0.3438605	4.129208
912	-8592.864	-9021.375	428.5106	1.192441	2.244304	0.3687854	4.108842
918	-8603.598	-9031.718	428.1207	1.170799	1.813506	0.291915	4.578247
924	-8605.278	-9033.948	428.6699	1.227287	1.935209	0.2807643	4.209186
930	-8618.656	-9047.36	428.7036	1.105082	1.827985	0.327961	4.234986
936	-8623.867	-9052.269	428.402	1.158538	1.827985	0.2986902	4.412813
942	-8628.575	-9057.551	428.9765	1.287517	1.873117	0.3854913	3.890991
948	-8615.984	-9045.902	429.9175	1.327807	1.86173	0.3854913	3.325275
954	-8609.864	-9039.157	429.2928	1.200271	1.94274	0.3794123	3.741742
960	-8619.07	-9047.954	428.8845	1.184157	1.712025	0.2975716	4.169064
966	-8598.773	-9027.973	429.1998	1.173065	2.231073	0.3382302	3.765904
972	-8594.763	-9023.795	429.0315	1.275413	1.915172	0.3121399	3.94059
978	-8612.381	-9041.297	428.9154	1.193356	1.941675	0.4117165	3.927011
984	-8626.169	-9055.523	429.3542	1.246914	1.709457	0.3733734	3.771277
990	-8620.831	-9049.669	428.8373	1.260735	1.990801	0.3525773	3.983734
996	-8607.589	-9036.641	429.0518	1.231872	1.990801	0.3525773	3.877404
1002	-8624.352	-9053.417	429.0651	1.216637	2.044962	0.3726878	3.836609
1008	-8607.73	-9036.06	428.3301	1.212477	2.20791	0.3726878	4.206658
1014	-8603.011	-9031.346	428.3356	1.206327	2.209196	0.3726878	4.206658
1020	-8594.245	-9023.591	429.3459	1.206953	1.834953	0.394495	3.728239
1026	-8611.077	-9039.676	428.599	1.116628	1.695927	0.394495	4.258337
1032	-8626.646	-9055.042	428.3962	1.229144	1.859445	0.407028	4.236138
1038	-8609.47	-9037.198	427.7279	1.144091	1.703071	0.3400099	4.792478
1044	-8598.821	-9026.562	427.7413	1.120393	1.718672	0.3400099	4.792478
1050	-8608.728	-9036.602	427.8749	1.100432	1.828477	0.3752474	4.648376
1056	-8603.076	-9031.641	428.5643	1.156193	1.828477	0.3752474	4.228473
1062	-8613.419	-9041.682	428.2625	1.189352	2.125861	0.3581785	4.300543
1068	-8606.106	-9035.529	429.4222	1.253869	2.023984	0.3030755	3.702995
1074	-8609.868	-9039.162	429.2949	1.307261	1.803337	0.3884252	3.718171
1080	-8617.024	-9046.672	429.6475	1.318845	2.112439	0.3250619	3.4761
1086	-8612.799	-9042.275	429.4761	1.268942	1.773514	0.3357242	3.709417
1092	-8610.52	-9040.097	429.5775	1.316413	1.861279	0.3357242	3.591018
1098	-8605.835	-9035.398	429.5623	1.288904	2.099256	0.3357242	3.533961
1104	-8620.664	-9050.68	430.0163	1.348416	2.006548	0.3609008	3.232686
1110	-8623.499	-9052.856	429.3578	1.282101	1.685289	0.3342279	3.805416
1116	-8614.108	-9043.349	429.2404	1.35892	1.76297	0.4360422	3.682747
1122	-8631.591	-9061.132	429.5416	1.299266	2.004151	0.3900619	3.506678
1128	-8638.905	-9068.101	429.1965	1.323107	1.765281	0.3900619	3.778041
1134	-8619.689	-9049.438	429.7493	1.305098	1.738454	0.3097238	3.576878
1140	-8622.436	-9052.474	430.0371	1.354361	1.787909	0.3625185	3.293894
1146	-8628.842	-9057.953	429.1112	1.302516	1.986535	0.3655869	3.788603
1152	-8607.965	-9037.08	429.1154	1.301859	1.986535	0.3051571	3.86196
1158	-8604.696	-9033.899	429.2027	1.240657	2.034018	0.3501005	3.774022
1164	-8613.558	-9042.569	429.0111	1.19259	1.823663	0.3192363	4.022822
1170	-8608.29	-9036.116	427.8257	1.136535	1.823663	0.4096065	4.619789
1176	-8613.274	-9041.207	427.9335	1.164745	1.778317	0.4096065	4.559716
1182	-8613.613	-9041.172	427.559	1.229659	2.045278	0.3703087	4.685413
1188	-8611.146	-9038.868	427.7222	1.176749	1.924589	0.3703087	4.663512
1194	-8605.462	-9034.489	429.0268	1.211582	1.924589	0.3703087	3.905055
1200	-8616.271	-9045.216	428.9456	1.211582	1.697081	0.4132701	3.986147
1206	-8597.648	-9026.945	429.2967	1.286156	1.793483	0.317738	3.81845
1212	-8609.385	-9039.418	430.0332	1.356215	1.836492	0.3003092	3.357102
1218	-8604.379	-9034.332	429.9536	1.356215	1.850095	0.3908532	3.285357
1224	-8614.289	-9042.563	428.2743	1.201328	1.844451	0.3902071	4.344558
1230	-8604.748	-9033.143	428.3947	1.177657	1.844451	0.2984394	4.400616
1236	-8618.335	-9046.988	428.6528	1.200433	2.121538	0.286313	4.165146
1242	-8608.279	-9037.496	429.2167	1.298307	2.000436	0.286313	3.826547
1248	-8602.118	-9030.067	427.9495	1.120207	1.998515	0.3792843	4.532884
1254	-8592.187	-9020.35	428.1632	1.189755	1.998515	0.3235073	4.439542
1260	-8595.049	-9023.818	428.7693	1.294169	1.998515	0.3210119	4.039891
1266	-8604.238	-9033.432	429.1939	1.288428	1.998515	0.4290275	3.673901
1272	-8608.751	-9037.903	429.1517	1.302691	2.011814	0.4401121	3.673901
1278	-8599.718	-9028.823	429.1052	1.304962	2.011814	0.3845745	3.760058
1284	-8597.375	-9026.873	429.4982	1.285668	1.604329	0.3845745	3.694091
1290	-8600.441	-9029.557	429.1157	1.207514	1.804097	0.3845745	3.882891
1296	-8603.871	-9033.009	429.1385	1.243597	1.804097	0.3845745	3.849026
1302	-8597.96	-9026.942	428.9825	1.215377	1.804097	0.3727837	3.968215
1308	-8597.253	-9026.124	428.8714	1.215106	1.804097	0.4346973	3.96401
1314	-8589.984	-9019.114	429.1302	1.290505	1.651437	0.408812	3.857578
1320	-8600.282	-9029.621	429.3386	1.290505	1.755228	0.4221357	3.683257
1326	-8611.027	-9039.761	428.7342	1.237279	1.705477	0.4221357	4.079463
1332	-8600.405	-9029.372	428.9669	1.237279	1.705477	0.4221357	3.946545
1338	-8596.846	-9025.941	429.0953	1.160247	1.705477	0.4221357	3.917148
1344	-8618.316	-9047.096	428.7795	1.274918	1.82589	0.3612568	4.055669
1350	-8620.862	-9050.036	429.1741	1.355495	1.835269	0.344239	3.800529
1356	-8607.76	-9037.01	429.2494	1.285602	1.82657	0.344239	3.800529
1362	-8595.633	-9024.955	429.322	1.334811	1.849786	0.3911809	3.666509
1368	-8616.143	-9045.33	429.1872	1.320772	1.797569	0.3911809	3.77151
1374	-8619.621	-9048.328	428.7064	1.231427	1.94914	0.3687675	4.070222
1380	-8623.191	-9052.682	429.4913	1.393601	1.89015	0.3358051	3.58584
1386	-8605.038	-9035.058	430.0201	1.383973	1.89015	0.3156921	3.308127
1392	-8600.364	-9029.898	429.5336	1.423668	1.89015	0.4059401	3.460644
1398	-8610.226	-9039.911	429.685	1.343995	1.89015	0.4830282	3.337452
1404	-8612.193	-9042.257	430.0635	1.421806	1.81483	0.4212535	3.160285
1410	-8609.955	-9038.765	428.8101	1.213033	1.688224	0.4212535	4.057531
1416	-8609.882	-9038.833	428.9509	1.264498	1.688224	0.4212535	3.947653
1422	-8606.728	-9035.785	429.0574	1.264498	1.75493	0.4212535	3.861342
1428	-8611.32	-9040.018	428.6988	1.290743	1.642826	0.4284409	4.086617
1434	-8608.936	-9038.031	429.0947	1.354487	1.750333	0.4284409	3.782237
1440	-8605.247	-9034.196	428.9493	1.214974	2.027362	0.3364197	3.953312
1446	-8593.457	-9022.544	429.0872	1.27885	2.02674	0.3364197	3.837767
1452	-8604.123	-9032.525	428.402	1.261298	1.693591	0.3063286	4.393986
1458	-8611.955	-9040.538	428.5832	1.292747	1.897873	0.3629884	4.129878
1464	-8603.724	-9032.605	428.881	1.341261	1.897873	0.3043061	4.005291
1470	-8611.377	-9039.47	428.0928	1.121968	1.834755	0.3619099	4.52704
1476	-8600.161	-9028.452	428.2912	1.126933	1.736088	0.3351041	4.4801
1482	-8597.138	-9025.654	428.5161	1.145622	1.982385	0.3351041	4.2561
1488	-8591.814	-9020.601	428.7868	1.15213	1.79002	0.3055653	4.203356
1494	-8613.282	-9041.284	428.0022	1.142231	1.738845	0.3055653	4.669783
1500	-8617.834	-9046.473	428.6387	1.193373	1.479567	0.3184586	4.36823
1506	-8620.437	-9050.293	429.8563	1.305159	1.494713	0.4254377	3.474922
1512	-8629.116	-9058.463	429.3469	1.221061	1.847077	0.3249737	3.798255
1518	-8609.633	-9038.709	429.0758	1.275446	1.847077	0.4330137	3.798255
1524	-8609.499	-9039.075	429.5759	1.259474	1.956595	0.3280511	3.601086
1530	-8601.586	-9031.344	429.7583	1.269012	2.122023	0.3280511	3.433448
1536	-8619.035	-9048.534	429.4985	1.353925	2.185717	0.3280511	3.51503
1542	-8613.274	-9043.332	430.0574	1.408849	1.928567	0.3124263	3.262024
1548	-8631.242	-9061.324	430.0819	1.40514	1.821549	0.369325	3.216566
1554	-8625.176	-9055.354	430.1787	1.40514	1.821549	0.369325	3.159166
1560	-8619.512	-9049.662	430.1501	1.329782	1.773335	0.4029247	3.199729
1566	-8605.474	-9035.86	430.3863	1.447687	1.513471	0.401721	3.096465
1572	-8616.19	-9046.405	430.2143	1.394655	1.790703	0.3543221	3.174257
1578	-8610.819	-9041.084	430.2651	1.409285	1.790703	0.3543221	3.135379
1584	-8629.947	-9060.315	430.3673	1.374933	1.871971	0.36531	3.050931
1590	-8609.905	-9040.138	430.2324	1.374933	1.577712	0.36531	3.246515
1596	-8625.591	-9055.516	429.9244	1.424032	1.602449	0.3769956	3.374844
1602	-8625.032	-9055.288	430.2562	1.404377	1.807614	0.4062972	3.075387
1608	-8598.84	-9027.714	428.8744	1.306623	1.589903	0.4062972	4.02199
1614	-8603.884	-9033.005	429.1216	1.234096	1.918684	0.4062972	3.79907
1620	-8637.58	-9065.377	427.7963	1.155646	1.783876	0.3752081	4.677369
1626	-8612.089	-9040.895	428.8064	1.117205	1.861169	0.3752081	4.101465
1632	-8616.287	-9044.3	428.0128	1.094472	1.648542	0.3752081	4.640531
1638	-8613.313	-9041.035	427.7223	1.192562	1.691542	0.3554069	4.754659
1644	-8621.724	-9049.71	427.9861	1.138231	1.930036	0.3778414	4.526723
1650	-8610.643	-9039.235	428.5914	1.180889	1.869079	0.3778414	4.181702
1656	-8609.584	-9038.057	428.4732	1.16203	1.763726	0.3928459	4.280445
1662	-8608.017	-9036.679	428.6623	1.155483	1.811129	0.3928459	4.159661
1668	-8602.896	-9031.797	428.9012	1.204705	1.820763	0.3928459	3.991972
1674	-8595.334	-9024.425	429.0917	1.264381	1.820763	0.3928459	3.848593
1680	-8624.267	-9054.345	430.0777	1.341209	1.904802	0.3864502	3.206059
1686	-8632.212	-9061.492	429.2799	1.351489	2.044574	0.3864502	3.618932
1692	-8613.919	-9042.957	429.0375	1.18261	2.093023	0.3968476	3.828775
1698	-8614.351	-9043.594	429.2425	1.29542	1.902711	0.3888846	3.71897
1704	-8606.032	-9034.873	428.8419	1.257249	2.047785	0.3888846	3.921946
1710	-8615.256	-9044.24	428.984	1.221097	1.885067	0.2734735	4.061601
1716	-8604.608	-9033.369	428.7605	1.165278	2.172397	0.2734735	4.125617
1722	-8606.611	-9035.189	428.5778	1.107948	1.913751	0.2733159	4.346581
1728	-8603.665	-9031.842	428.1766	1.221653	2.075232	0.3211055	4.391994
1734	-8594.34	-9021.779	427.4385	1.137488	2.075232	0.3342427	4.836931
1740	-8602.095	-9030.197	428.1016	1.192263	1.832995	0.2972733	4.562921
1746	-8599.507	-9027.13	427.6232	1.114781	1.916668	0.3223923	4.813091
1752	-8609.393	-9037.009	427.6159	1.134112	1.842947	0.3376288	4.813091
1758	-8613.678	-9041.457	427.7797	1.161676	1.79271	0.4271047	4.624195
1764	-8602.392	-9030.753	428.3612	1.190299	1.837976	0.3589543	4.339588
1770	-8597.813	-9026.332	428.5186	1.156554	2.090042	0.3589543	4.184494
1776	-8599.458	-9027.565	428.1064	1.161758	2.090042	0.3589543	4.414753
1782	-8601.835	-9030.979	429.1446	1.204521	2.021923	0.3589543	3.821705
1788	-8603.268	-9032.699	429.4305	1.281952	1.91878	0.3589543	3.647275
1794	-8606.867	-9035.568	428.7012	1.144366	1.91878	0.3589543	4.144649
1800	-8612.687	-9040.99	428.3035	1.130543	2.108489	0.3589543	4.315206
1806	-8617.53	-9045.768	428.2382	1.138686	2.127133	0.3569774	4.343938
1812	-8608.015	-9035.863	427.8477	1.126389	1.976088	0.3319489	4.649415
1818	-8612.548	-9041.555	429.0064	1.150805	1.976088	0.3767647	3.926461
1824	-8623.4	-9052.689	429.2887	1.218478	1.81132	0.410753	3.745208
1830	-8627.176	-9056.537	429.3618	1.218478	1.819605	0.3795907	3.734946
1836	-8614.766	-9043.466	428.6998	1.261149	1.871784	0.2893826	4.183172
1842	-8599.724	-9027.996	428.2717	1.13075	1.947197	0.395537	4.344528
1848	-8600.224	-9029.637	429.4123	1.256687	1.947197	0.3406161	3.684933
1854	-8613.824	-9043.142	429.318	1.280615	1.909625	0.3406161	3.738699
1860	-8609.724	-9038.41	428.6868	1.18042	1.705467	0.3845916	4.179752
1866	-8601.412	-9030.481	429.0685	1.214834	1.708641	0.3845916	3.941269
1872	-8615.27	-9043.053	427.783	1.120014	1.601932	0.3606729	4.789345
1878	-8613.544	-9041.915	428.3709	1.217652	1.94577	0.3606729	4.279244
1884	-8602.319	-9030.848	428.5293	1.196043	1.727745	0.3606729	4.279244
1890	-8595.44	-9023.183	427.743	1.102166	1.727745	0.3665735	4.767268
1896	-8609.813	-9037.857	428.0439	1.162394	1.641523	0.3696374	4.594046
1902	-8599.336	-9026.738	427.402	1.052028	1.577014	0.3696374	5.038758
1908	-8616.113	-9043.115	427.0017	1.049879	2.080648	0.32893	5.133077
1914	-8618.935	-9046.173	427.238	1.000093	2.017632	0.3142918	5.067884
1920	-8607.874	-9036.125	428.2513	1.177341	2.017632	0.3074414	4.411019
1926	-8592.743	-9020.324	427.5808	1.146563	2.093186	0.3767715	4.697089
1932	-8596.662	-9023.57	426.908	0.987976	1.807157	0.3511701	5.2836
1938	-8604.636	-9032.306	427.6703	1.135407	1.61816	0.482814	4.710065
1944	-8619.728	-9047.133	427.405	1.096137	1.61816	0.482814	4.880073
1950	-8616.337	-9043.608	427.2711	1.025835	1.596422	0.4208941	5.063092
1956	-8607.72	-9035.131	427.4106	0.9931898	1.563642	0.3331555	5.114425
1962	-8604.735	-9032.941	428.2061	1.080972	1.985468	0.4391672	4.350662
1968	-8615.674	-9044.012	428.3384	1.137656	1.792	0.4391672	4.310971
1974	-8614.26	-9042.625	428.3659	1.218911	1.62816	0.4391672	4.310971
1980	-8604.673	-9032.559	427.8865	1.11375	1.567192	0.4391672	4.663891
1986	-8604.081	-9032.12	428.0389	1.159206	2.042518	0.3080874	4.531803
1992	-8597.874	-9026.632	428.7577	1.234961	1.959088	0.2802564	4.147537
1998	-8605.391	-9033.177	427.7859	1.159414	1.99772	0.3325225	4.657652
2004	-8610.945	-9039.702	428.7565	1.245921	2.222362	0.3798966	3.931816
2010	-8588.977	-9016.605	427.6275	1.163121	2.222362	0.3051942	4.70778
2016	-8593.091	-9021.894	428.8031	1.24176	1.76793	0.3051942	4.151765
2022	-8598.898	-9027.091	428.1932	1.228499	2.053859	0.306792	4.40393
2028	-8602.688	-9030.645	427.9573	1.146631	1.746273	0.306792	4.688166
2034	-8600.047	-9029.161	429.1139	1.232529	1.815403	0.3278215	3.933302
2040	-8594.536	-9023.809	429.2736	1.364353	1.815619	0.4005374	3.679356
2046	-8608.66	-9037.465	428.8044	1.252832	1.815619	0.4265213	3.985151
2052	-8610.603	-9038.829	428.2254	1.144537	1.718705	0.4265213	4.410838
2058	-8619.397	-9046.482	427.0855	1.092975	1.811935	0.4265213	5.043441
2064	-8611.735	-9039.451	427.7162	1.174497	1.964184	0.3553225	4.672151
2070	-8607.912	-9036.604	428.692	1.237834	1.964184	0.3681245	4.070426
2076	-8605.345	-9034.675	429.3304	1.277385	1.964184	0.3346766	3.721825
2082	-8612.626	-9041.148	428.5222	1.191433	1.768388	0.4368996	4.187261
2088	-8611.068	-9039.479	428.4106	1.147714	2.059568	0.4145306	4.198408
2094	-8616.11	-9044.75	428.6398	1.20302	1.715882	0.363153	4.214225
2100	-8618.252	-9047.58	429.3271	1.324978	1.656578	0.4195616	3.710621
2106	-8616.847	-9045.513	428.6669	1.233146	1.915869	0.305981	4.1804
2112	-8599.532	-9027.844	428.3122	1.166885	1.638968	0.2994846	4.527485
2118	-8609.112	-9036.414	427.3021	1.064645	1.978359	0.3616337	4.952475
2124	-8608.396	-9036.063	427.6664	1.055805	1.978359	0.3616337	4.754319
2130	-8605.159	-9034.07	428.9114	1.297425	2.117178	0.3967383	3.827581
2136	-8608.435	-9037.234	428.7988	1.253432	1.945894	0.337932	4.04292
2142	-8620.179	-9049.643	429.4639	1.365268	1.846005	0.3986031	3.559466
2148	-8642.725	-9072.545	429.8202	1.355927	1.898676	0.3986031	3.337529
2154	-8615.494	-9044.074	428.5803	1.158087	2.049733	0.3521696	4.169654
2160	-8616.98	-9044.72	427.7391	1.10396	2.049733	0.3521696	4.674453
2166	-8607.59	-9035.349	427.7592	1.163294	1.961743	0.3390191	4.674453
2172	-8614.238	-9041.74	427.5025	1.096871	1.826567	0.4229618	4.807735
2178	-8605.321	-9033.591	428.2699	1.093676	1.877639	0.4229618	4.360918
2184	-8606.907	-9035.401	428.4936	1.203658	1.778336	0.3533263	4.285191
2190	-8618.82	-9047.722	428.9021	1.202421	1.970727	0.2814979	4.078222
2196	-8627.235	-9056.929	429.6944	1.303692	2.02091	0.2814979	3.546908
2202	-8602.481	-9031.212	428.7304	1.311718	2.099637	0.3503611	3.982492
2208	-8596.9	-9025.197	428.2973	1.197122	1.916269	0.3779138	4.322723
2214	-8607.342	-9035.726	428.3843	1.136626	1.954508	0.3536946	4.322723
2220	-8597.297	-9024.688	427.3908	1.041711	1.954508	0.3536946	4.932955
2226	-8600.327	-9028.632	428.3052	1.24369	1.952046	0.327899	4.339054
2232	-8628.562	-9057.725	429.1628	1.282876	1.98267	0.3245044	3.821821
2238	-8626.856	-9056.199	429.343	1.256651	1.98267	0.2989882	3.766555
2244	-8612.651	-9041.776	429.1251	1.301191	1.768698	0.3720342	3.851106
2250	-8596.418	-9025.964	429.546	1.305123	1.705157	0.4505745	3.543486
2256	-8616.821	-9046.52	429.6987	1.345395	2.13326	0.3422449	3.401908
2262	-8624.971	-9054.949	429.9783	1.38841	2.13326	0.3899272	3.154007
2268	-8622.473	-9052.189	429.7156	1.274278	1.900663	0.3482444	3.505452
2274	-8618.088	-9047.768	429.6807	1.384857	2.00826	0.3360369	3.43898
2280	-8592.198	-9021.156	428.9577	1.25967	2.098388	0.4236948	3.799323
2286	-8600.701	-9029.813	429.1119	1.256251	1.608259	0.3950155	3.919996
2292	-8612.167	-9041.13	428.9626	1.241821	1.328174	0.4182407	4.107882
2298	-8621.321	-9050.067	428.7458	1.287159	1.761757	0.347313	4.107882
2304	-8613.034	-9042.023	428.9887	1.231578	1.769867	0.3988837	3.938422
2310	-8601.004	-9030.721	429.717	1.438995	1.769867	0.3988837	3.396573
2316	-8601.526	-9031.281	429.755	1.34035	2.070181	0.3109039	3.433235
2322	-8620.859	-9049.669	428.8099	1.20674	2.149118	0.3393247	3.994696
2328	-8608.547	-9037.049	428.5022	1.243805	2.046938	0.3393247	4.181743
2334	-8589.647	-9017.825	428.1781	1.118288	1.94639	0.2850852	4.538722
2340	-8602.061	-9030.678	428.6175	1.209001	2.195683	0.2999388	4.138753
2346	-8609.767	-9038.578	428.8107	1.21747	2.195683	0.3815239	3.923514
2352	-8608.303	-9036.679	428.3753	1.273325	1.908739	0.3628051	4.255356
2358	-8608.257	-9036.649	428.3918	1.237411	1.956138	0.3807612	4.229582
2364	-8610.764	-9039.612	428.8486	1.328975	2.207844	0.4352502	3.77514
2370	-8604.906	-9033.793	428.887	1.269694	2.060311	0.3942578	3.878801
2376	-8605.743	-9034.237	428.494	1.253349	1.767875	0.3270504	4.292567
2382	-8608.477	-9038.148	429.6713	1.324288	1.681612	0.3679493	3.559988
2388	-8615.885	-9045.454	429.5689	1.28359	2.008629	0.3097798	3.597014
2394	-8613.565	-9042.83	429.2649	1.234959	2.008629	0.3345997	3.76912
2400	-8589.418	-9017.719	428.3012	1.153379	1.726441	0.3704328	4.421439
2406	-8595.993	-9024.736	428.7429	1.146499	2.132699	0.3442751	4.066475
2412	-8613.949	-9042.663	428.7137	1.173009	1.967949	0.3119975	4.162371
2418	-8617.986	-9046.739	428.7523	1.163504	1.967949	0.3741954	4.07016
2424	-8622.084	-9050.681	428.5974	1.150666	1.967949	0.3741954	4.165618
2430	-8617.648	-9046.374	428.7266	1.116343	2.002336	0.3198848	4.165618
2436	-8610.105	-9038.941	428.8362	1.234625	2.068477	0.3198848	4.014007
2442	-8612.896	-9041.705	428.8087	1.135346	1.596006	0.3412525	4.229115
2448	-8623.114	-9051.581	428.4677	1.199107	1.596006	0.3033746	4.433473
2454	-8602.112	-9030.515	428.403	1.207475	2.026953	0.2789516	4.343329
2460	-8615.037	-9043.718	428.6806	1.254009	2.026953	0.3169928	4.10899
2466	-8613.271	-9042.39	429.1191	1.290016	2.155691	0.3638966	3.737552
2472	-8606.744	-9036.221	429.4765	1.250311	2.014509	0.3872121	3.572808
2478	-8614.524	-9043.302	428.7783	1.215482	1.970783	0.3872121	4.009855
2484	-8611.527	-9040.486	428.9585	1.185858	1.888272	0.3467796	3.999494
2490	-8617.811	-9046.094	428.2829	1.202182	1.822105	0.3521981	4.390638
2496	-8602.775	-9030.681	427.9058	1.122999	2.059099	0.339114	4.582902
2502	-8619.804	-9048.429	428.625	1.189735	1.832166	0.3370282	4.218833
2508	-8610.74	-9039.014	428.2743	1.13895	2.063774	0.3370282	4.367515
2514	-8625.355	-9053.282	427.9264	1.179349	1.800521	0.328956	4.639683
2520	-8602.992	-9032.091	429.0986	1.204067	1.781782	0.3105371	3.992759
2526	-8602.616	-9031.28	428.6638	1.202239	1.68605	0.3819235	4.190788
2532	-8609.957	-9039.122	429.1651	1.205962	1.834878	0.3819235	3.847264
2538	-8604.964	-9032.821	427.8568	1.126159	1.794204	0.3912092	4.63855
2544	-8592.51	-9020.677	428.1668	1.093925	1.571315	0.3912092	4.566747
2550	-8597.305	-9025.41	428.1048	1.187881	1.787765	0.3383041	4.527925
2556	-8608.293	-9037.318	429.0249	1.182027	1.853272	0.283941	4.05718
2562	-8596.118	-9025.203	429.0852	1.275645	1.853272	0.3426312	3.89298
2568	-8592.423	-9021.519	429.0952	1.23746	1.853272	0.3440431	3.907415
2574	-8610.686	-9039.951	429.2651	1.239389	1.591469	0.3445315	3.907415
2580	-8592.631	-9021.611	428.9801	1.233965	1.977931	0.3235128	3.957609
2586	-8601.174	-9030.116	428.9423	1.227618	1.977931	0.3437706	3.957609
2592	-8618.992	-9046.671	427.6788	1.125845	2.062654	0.288923	4.770897
2598	-8616.754	-9043.817	427.0628	1.104028	1.763086	0.4037309	5.091005
2604	-8621.42	-9049.755	428.3346	1.18356	1.94138	0.4037309	4.272068
2610	-8605.704	-9035.395	429.691	1.354407	1.905923	0.2973241	3.537246
2616	-8611.841	-9040.781	428.9405	1.290944	1.905923	0.3534927	3.935403
2622	-8619.683	-9048.166	428.4835	1.192981	2.097079	0.3522534	4.189415
2628	-8615.811	-9044.099	428.2881	1.17127	2.194068	0.3522534	4.281927
2634	-8615.235	-9044.801	429.566	1.279582	2.000059	0.3656889	3.533764
2640	-8611.607	-9040.932	429.3258	1.295763	1.784214	0.3656889	3.740368
2646	-8618.945	-9048.055	429.1108	1.349295	2.052898	0.325462	3.788767
2652	-8619.014	-9048.861	429.8469	1.367709	1.902399	0.325462	3.40227
2658	-8617.165	-9046.612	429.447	1.308266	1.902399	0.325462	3.669777
2664	-8610.264	-9039.366	429.1022	1.289659	2.075724	0.325462	3.820519
2670	-8603.446	-9031.162	427.7158	1.170531	1.777739	0.325462	4.774934
2676	-8609.95	-9037.812	427.8624	1.193192	2.132127	0.3317823	4.553553
2682	-8615.951	-9044.227	428.2757	1.199614	1.879376	0.4484073	4.270959
2688	-8596.078	-9025.215	429.1373	1.291702	1.936336	0.3895172	3.76938
2694	-8591.598	-9020.736	429.138	1.288139	1.922521	0.3631932	3.806272
2700	-8593.568	-9022.042	428.4748	1.27936	1.922521	0.3162106	4.247662
2706	-8595.656	-9024.623	428.9667	1.267895	1.927793	0.3203065	3.967094
2712	-8624.417	-9052.879	428.4627	1.142043	1.95281	0.4227716	4.198776
2718	-8601.735	-9029.786	428.0513	1.127426	1.624397	0.3486217	4.640515
2724	-8624.284	-9052.305	428.021	1.117378	1.802681	0.3580027	4.585846
2730	-8603.877	-9032.201	428.3242	1.146411	1.541492	0.3580027	4.498372
2736	-8604.738	-9032.824	428.086	1.123436	1.972993	0.3484616	4.498372
2742	-8607.969	-9036.553	428.5848	1.140838	1.839026	0.3255919	4.281088
2748	-8614.88	-9043.868	428.9875	1.160423	1.949869	0.2912026	4.047289
2754	-8608.359	-9037.605	429.246	1.169225	1.949869	0.3159081	3.861604
2760	-8600.553	-9028.868	428.3149	1.175709	1.656694	0.3159081	4.493041
2766	-8581.317	-9010.038	428.7206	1.239473	1.656694	0.3257691	4.215425
2772	-8599.52	-9029.054	429.5334	1.304594	1.656694	0.3257691	3.712983
2778	-8594.748	-9023.972	429.2244	1.298555	1.935014	0.3257691	3.792106
2784	-8609.189	-9038.341	429.1515	1.281437	1.857704	0.3298656	3.865891
2790	-8614.443	-9042.842	428.3993	1.161382	1.868505	0.3235701	4.366458
2796	-8606.533	-9035.15	428.6177	1.20704	1.678559	0.3215683	4.288979
2802	-8611.07	-9039.504	428.4333	1.151705	1.678559	0.2969271	4.456135
2808	-8612.884	-9040.531	427.6476	1.111655	1.559878	0.3178679	4.937334
2814	-8620.154	-9049.407	429.2538	1.266154	1.712367	0.3875993	3.80059
2820	-8624.037	-9052.033	427.9964	1.165739	1.872924	0.3812005	4.521318
2826	-8622.56	-9049.924	427.3634	1.125537	1.961067	0.3373161	4.918781
2832	-8627.547	-9056.52	428.9735	1.309822	1.858493	0.3373161	3.942099
2838	-8630.9	-9059.314	428.4139	1.192489	2.175783	0.3373161	4.222305
2844	-8614.623	-9042.018	427.3951	1.059852	1.954036	0.3979713	4.871027
2850	-8610.043	-9038.202	428.1585	1.144581	1.731602	0.3311712	4.551272
2856	-8616.575	-9044.844	428.2688	1.164005	1.731602	0.3811064	4.419703
2862	-8611.388	-9039.313	427.9257	1.061901	2.184575	0.3373287	4.568719
2868	-8595.972	-9024.742	428.7696	1.1667	1.861646	0.3373287	4.138964
2874	-8612.173	-9040.839	428.666	1.184749	1.851837	0.3373287	4.19105
2880	-8591.989	-9020.474	428.4845	1.181389	1.943665	0.4005189	4.19105
2886	-8598.222	-9026.867	428.6451	1.197106	1.943665	0.4005189	4.090786
2892	-8597.832	-9027.11	429.2782	1.229447	1.953254	0.4005189	3.705759
2898	-8611.897	-9041.43	429.5333	1.287538	1.921519	0.3480596	3.596677
2904	-8605.816	-9035.024	429.2076	1.276735	2.25862	0.3307287	3.702386
2910	-8613.317	-9041.412	428.0954	1.179706	2.241274	0.3956192	4.322262
2916	-8618.375	-9045.744	427.3695	1.107692	2.241274	0.3843225	4.782901
2922	-8625.292	-9053.337	428.0454	1.122515	2.241274	0.3474178	4.437927
2928	-8623.509	-9052.667	429.1581	1.131141	2.102986	0.3414569	3.850654
2934	-8615.227	-9043.652	428.4249	1.169345	1.745022	0.3429819	4.367986
2940	-8613.987	-9042.163	428.1767	1.123594	2.102986	0.3414569	4.413307
2946	-8615.226	-9044.843	429.6171	1.269391	1.823572	0.3319563	3.613773
2952	-8606.973	-9036	429.027	1.204613	1.8166	0.403722	3.909489
2958	-8615.378	-9044.926	429.5475	1.345245	1.875605	0.3493061	3.569703
2964	-8617.654	-9047.389	429.7347	1.283024	1.767069	0.3037441	3.595304
2970	-8606.446	-9035.247	428.8011	1.313073	2.327878	0.3289608	3.896766
2976	-8594.59	-9023.328	428.7377	1.267363	1.949135	0.353698	4.049629
2982	-8626.31	-9056.32	430.0095	1.293523	1.689735	0.3359178	3.416638
2988	-8625.184	-9055.112	429.9274	1.332002	1.689735	0.3622813	3.409572
2994	-8627.683	-9056.766	429.0831	1.224095	2.055836	0.3498153	3.845493
3000	-8628.021	-9056.101	428.0805	1.130807	2.055836	0.3267282	4.496548
3006	-8631.575	-9058.565	426.9904	1.031892	1.732104	0.3416374	5.251733
3012	-8627.78	-9055.257	427.4766	1.051379	1.44414	0.4198488	4.997361
3018	-8610.45	-9038.426	427.9761	1.100473	1.609101	0.4198488	4.624492
3024	-8608.015	-9035.468	427.4535	1.071244	1.783937	0.3410938	4.955209
3030	-8603.826	-9032.716	428.8905	1.225479	2.221472	0.3717042	3.876435
3036	-8614.294	-9043.671	429.3769	1.302488	2.403328	0.3273602	3.549928
3042	-8610.962	-9039.845	428.8828	1.297678	2.014012	0.3828491	3.89338
3048	-8615.545	-9043.643	428.0973	1.214575	1.967988	0.3828491	4.402712
3054	-8620.187	-9048.49	428.303	1.245772	1.957174	0.3530234	4.306854
3060	-8620.211	-9048.741	428.5294	1.320222	1.957174	0.4381673	4.041852
3066	-8624.685	-9054.36	429.6747	1.386183	2.180973	0.3585702	3.35641
3072	-8604.856	-9034.124	429.2682	1.235217	1.730334	0.3961247	3.793683
3078	-8618.757	-9047.522	428.7644	1.115576	1.730334	0.4020074	4.14385
3084	-8607.899	-9036.773	428.8743	1.211486	1.653929	0.3354741	4.132986
3090	-8593.382	-9022.477	429.095	1.289335	1.653929	0.3354741	3.962696
3096	-8601.255	-9029.594	428.3392	1.249074	1.841482	0.3354741	4.345673
3102	-8596.731	-9025.773	429.0422	1.259634	1.86063	0.4325481	3.822315
3108	-8599.809	-9028.798	428.9893	1.251981	1.870889	0.4172524	3.869752
3114	-8596.724	-9025.827	429.1027	1.273837	1.803433	0.3700908	3.869167
3120	-8616.601	-9045.792	429.1907	1.204399	2.044506	0.341712	3.808619
3126	-8602.957	-9031.746	428.789	1.21968	1.690382	0.380392	4.10975
3132	-8628.514	-9057.237	428.7235	1.190937	1.690382	0.3178656	4.238375
3138	-8626.682	-9056.152	429.4692	1.257219	2.036323	0.325194	3.640723
3144	-8624.265	-9054.069	429.8037	1.306694	2.036323	0.325194	3.417073
3150	-8618.772	-9047.516	428.7436	1.229635	2.036323	0.325194	4.073478
3156	-8605.091	-9032.974	427.8827	1.172603	1.955448	0.3824723	4.55177
3162	-8613.716	-9043.644	429.9285	1.343717	1.853955	0.4031515	3.292041
3168	-8599.738	-9029.17	429.4316	1.236494	2.051683	0.3885618	3.592867
3174	-8617.64	-9045.296	427.656	1.22661	1.893107	0.3591208	4.696268
3180	-8623.081	-9051.279	428.1983	1.232111	1.872574	0.3033502	4.464344
3186	-8609.737	-9038.457	428.7201	1.221576	1.866267	0.3033502	4.17745
3192	-8600.884	-9029.399	428.5149	1.221576	1.719052	0.4517597	4.17745
3198	-8610.242	-9037.788	427.546	1.183613	1.719052	0.5055336	4.693281
3204	-8608.371	-9036.295	427.9237	1.125262	1.719052	0.3340827	4.694833
3210	-8610.56	-9038.442	427.8817	1.078996	1.856678	0.3340827	4.694833
3216	-8609.656	-9037.903	428.2468	1.105473	1.856678	0.3376176	4.470818
3222	-8607.983	-9036.14	428.1574	1.178303	1.856678	0.3073906	4.517924
3228	-8627.634	-9055.736	428.1021	1.221735	1.780585	0.2955291	4.567139
3234	-8626.822	-9054.74	427.9184	1.235745	1.96018	0.2805237	4.620093
3240	-8606.122	-9034.601	428.479	1.199999	1.96018	0.2938027	4.306641
3246	-8600.048	-9027.974	427.9264	1.247801	1.96018	0.2938027	4.591023
3252	-8602.325	-9029.945	427.6201	1.136352	2.105344	0.3509393	4.706693
3258	-8597.864	-9026.446	428.5821	1.118707	1.747861	0.3509393	4.297191
3264	-8602.806	-9031.147	428.3413	1.119331	2.13808	0.3535055	4.297191
3270	-8611.738	-9039.003	427.2656	1.068329	2.161915	0.3535055	4.921802
3276	-8596.235	-9023.268	427.0326	1.09579	1.79079	0.3644942	5.145533
3282	-8595.857	-9024.165	428.3083	1.199619	1.79079	0.3757707	4.361654
3288	-8610.748	-9039.225	428.477	1.207144	1.55712	0.3666588	4.361654
3294	-8605.917	-9034.466	428.5485	1.222069	1.851868	0.3666588	4.2016
3300	-8619.261	-9047.533	428.272	1.172375	1.851868	0.3666588	4.386206
3306	-8612.232	-9040.607	428.3749	1.224258	1.851868	0.3666588	4.298767
3312	-8615.895	-9044.247	428.3521	1.153556	1.889908	0.30585	4.412692
3318	-8602.714	-9030.837	428.1231	1.222257	1.889908	0.3996786	4.391817
3324	-8623.642	-9052.619	428.9777	1.173034	1.771249	0.4275003	3.946847
3330	-8625.105	-9053.757	428.6517	1.181384	1.73033	0.373525	4.20235
3336	-8612.918	-9041.547	428.6283	1.271741	1.73033	0.3413131	4.20235
3342	-8620.797	-9049.229	428.4324	1.175095	1.740907	0.3946094	4.302562
3348	-8614.263	-9042.572	428.3098	1.12921	1.740907	0.3946094	4.397779
3354	-8608.314	-9037.126	428.8112	1.212008	1.942543	0.3714487	4.020703
3360	-8617.746	-9046.964	429.2177	1.284137	1.779465	0.3714487	3.804353
3366	-8610.089	-9039.903	429.8144	1.278726	1.772702	0.3847879	3.448394
3372	-8607.051	-9036.477	429.426	1.34229	1.807337	0.3854033	3.623972
3378	-8606.486	-9035.976	429.4897	1.289891	1.998226	0.3511443	3.590314
3384	-8604.504	-9033.596	429.0922	1.253302	1.836193	0.3511443	3.897563
3390	-8609.863	-9038.528	428.6652	1.253302	2.098718	0.3511443	4.052462
3396	-8626.847	-9055.826	428.9791	1.210462	1.845164	0.3983968	3.929143
3402	-8622.489	-9051.096	428.607	1.271757	1.762404	0.3585166	4.181975
3408	-8609.647	-9038.88	429.2331	1.232516	1.762404	0.4599867	3.735572
3414	-8609.514	-9038.496	428.9824	1.216771	1.762404	0.4550062	3.893916
3420	-8612.034	-9041.289	429.2556	1.172872	1.762404	0.3372647	3.893916
3426	-8622.274	-9051.601	429.3271	1.254908	1.733519	0.4137159	3.727732
3432	-8607.72	-9036.836	429.1161	1.254086	1.891372	0.3542315	3.860038
3438	-8607.816	-9037.339	429.5228	1.238346	1.528038	0.356937	3.770865
3444	-8615.69	-9043.654	427.9642	1.197696	1.958659	0.356937	4.519937
3450	-8595.479	-9024.172	428.6931	1.250309	1.873844	0.356937	4.10701
3456	-8615.507	-9044.275	428.7682	1.322768	1.764024	0.3799308	4.035753
3462	-8610.7	-9039.011	428.3109	1.265031	2.040267	0.3751734	4.238134
3468	-8609.399	-9037.701	428.3011	1.278055	2.082962	0.3751734	4.222461
3474	-8611.985	-9040.103	428.1187	1.186361	2.111121	0.2944968	4.467466
3480	-8607.655	-9036.044	428.3886	1.164152	1.730341	0.3406216	4.399674
3486	-8608.565	-9036.43	427.8656	1.147114	1.808363	0.3406216	4.674843
3492	-8600.299	-9029.019	428.7204	1.270671	1.808363	0.3559849	4.104322
3498	-8615.61	-9043.992	428.3825	1.231285	1.808363	0.4777923	4.188564
3504	-8621.334	-9050.628	429.2944	1.285344	1.897592	0.3722857	3.715758
3510	-8628.17	-9056.948	428.7774	1.22687	1.625707	0.409383	4.105176
3516	-8619.38	-9047.698	428.3177	1.180507	2.087455	0.409383	4.228989
3522	-8637.247	-9066.561	429.3134	1.310825	2.087455	0.3666829	3.631892
3528	-8624.245	-9052.897	428.6516	1.253231	1.923134	0.3666829	4.100369
3534	-8609.233	-9037.211	427.9775	1.126317	1.848858	0.3678763	4.577547
3540	-8616.525	-9043.591	427.0658	1.159826	1.935069	0.3472897	5.061886
3546	-8606.485	-9035.101	428.6164	1.235573	1.774767	0.3416336	4.212819
3552	-8616.59	-9045.955	429.3651	1.302286	1.774767	0.3425723	3.745306
3558	-8622.069	-9050.679	428.6105	1.318632	1.925004	0.454134	3.991164
3564	-8617.838	-9046.41	428.5725	1.22757	1.973459	0.4564114	4.046028
3570	-8619.766	-9048.735	428.9687	1.225652	2.050037	0.3492351	3.912888
3576	-8624.75	-9052.687	427.937	1.14856	2.018034	0.3241869	4.58264
3582	-8605.601	-9034.187	428.586	1.170998	1.764197	0.3719446	4.234767
3588	-8599.597	-9029.024	429.4265	1.308171	1.487936	0.3719446	3.785296
3594	-8618.568	-9047.809	429.2403	1.211196	1.568334	0.4370889	3.84297
3600	-8609.003	-9037.707	428.7043	1.133007	1.550322	0.3545444	4.29197
3606	-8612.72	-9041.214	428.4944	1.144254	1.550322	0.3152032	4.452339
3612	-8613.526	-9042.127	428.6009	1.111058	1.525561	0.3885739	4.333949
3618	-8609.148	-9037.464	428.3154	1.092278	1.767821	0.3885739	4.412243
3624	-8619.628	-9046.628	426.9995	1.069576	1.895945	0.3528397	5.155349
3630	-8638.106	-9065.893	427.7864	1.03451	1.990702	0.3515494	4.706808
3636	-8617.721	-9045.361	427.6396	1.123864	1.990702	0.3118397	4.7874
3642	-8613.32	-9041.035	427.7158	1.174407	1.990702	0.3595359	4.658701
3648	-8630.145	-9058.66	428.5143	1.258695	1.716489	0.2867031	4.349522
3654	-8617.897	-9047.041	429.1439	1.254433	2.167606	0.3309548	3.78019
3660	-8611.585	-9040.579	428.9933	1.2503	2.167606	0.3309548	3.869233
3666	-8612.989	-9042.876	429.8868	1.331749	2.167606	0.3464715	3.282842
3672	-8626.404	-9055.572	429.168	1.198222	2.187714	0.3421711	3.778409
3678	-8627.931	-9057.026	429.0948	1.267467	2.287931	0.386939	3.696564
3684	-8603.306	-9032.967	429.6614	1.295302	2.287931	0.3500679	3.394234
3690	-8619.12	-9048.495	429.3747	1.30492	2.192738	0.3500679	3.585762
3696	-8642.192	-9071.412	429.22	1.255966	2.03338	0.2740872	3.855099
3702	-8631.208	-9060.101	428.8928	1.175508	1.781509	0.4457911	3.971204
3708	-8635.485	-9064.17	428.6853	1.229358	1.781509	0.3482956	4.166739
3714	-8619.493	-9048.407	428.9135	1.192257	1.972094	0.3590372	3.977983
3720	-8617.247	-9045.597	428.3496	1.240634	1.683418	0.3604437	4.372563
3726	-8612.208	-9042.135	429.927	1.346129	2.034846	0.3025326	3.352188
3732	-8623.628	-9052.5	428.8718	1.103963	1.479683	0.3732791	4.220883
3738	-8630.842	-9059.53	428.6878	1.161686	1.391911	0.3798248	4.32271
3744	-8624.939	-9053.157	428.218	1.165524	1.955174	0.4233333	4.32271
3750	-8627.187	-9056.659	429.4721	1.218209	1.603492	0.4419134	3.685944
3756	-8611.171	-9040.12	428.9491	1.198999	1.793714	0.3265132	4.056188
3762	-8605.075	-9034.349	429.2736	1.300676	2.034878	0.3265132	3.727558
3768	-8592.759	-9021.515	428.7564	1.280731	1.847224	0.3384352	4.085354
3774	-8597.038	-9025.593	428.5547	1.176212	2.015632	0.3384352	4.201689
3780	-8600.032	-9028.557	428.5246	1.2367	2.015632	0.4023817	4.110599
3786	-8600.168	-9029.43	429.262	1.228689	1.833211	0.3544575	3.811249
3792	-8612.787	-9041.218	428.4315	1.118766	2.168204	0.3621782	4.226807
3798	-8611.056	-9039.439	428.3822	1.169461	2.089569	0.3905713	4.218551
3804	-8623.582	-9051.464	427.8824	1.135042	2.284315	0.3482585	4.508734
3810	-8588.33	-9016.973	428.6427	1.176279	1.859729	0.3077315	4.243639
3816	-8593.691	-9022.273	428.5817	1.212787	2.231568	0.3917598	4.034487
3822	-8601.77	-9030.308	428.5384	1.105982	1.969832	0.3601134	4.240125
3828	-8596.93	-9025.488	428.558	1.217407	1.969832	0.3601134	4.165785
3834	-8614.349	-9042.676	428.3275	1.236459	2.374435	0.3225013	4.205076
3840	-8622.064	-9051.987	429.9232	1.383786	2.304111	0.3081539	3.237172
3846	-8627.306	-9057.219	429.9128	1.413065	2.117698	0.3454324	3.237172
3852	-8612.977	-9042.08	429.1028	1.324908	1.821493	0.4556012	3.740059
3858	-8620.596	-9050.629	430.0334	1.491668	2.055754	0.411169	3.061369
3864	-8621.051	-9051.139	430.0881	1.364031	2.010167	0.3765652	3.160701
3870	-8602.364	-9030.774	428.4105	1.240423	2.190055	0.273512	4.276091
3876	-8612.073	-9041.374	429.3004	1.233983	2.06814	0.3290412	3.736363
3882	-8601.335	-9031.02	429.685	1.336788	2.103291	0.3554721	3.4085
3888	-8587.729	-9017.002	429.2732	1.336788	2.041413	0.3554721	3.668812
3894	-8585.739	-9015.713	429.9743	1.367082	1.885018	0.3554721	3.296115
3900	-8594.113	-9023.858	429.7451	1.301352	1.885018	0.3573986	3.466814
3906	-8601.389	-9029.632	428.2435	1.158441	1.811222	0.3366179	4.460143
3912	-8597.969	-9026.2	428.2306	1.207634	1.811222	0.3881013	4.379825
3918	-8613.632	-9041.528	427.8963	1.157955	1.52873	0.3639771	4.730093
3924	-8608.575	-9036.549	427.9742	1.165839	1.873426	0.3864805	4.527667
3930	-8609.5	-9038.483	428.9833	1.222083	1.773701	0.3666029	3.982227
3936	-8615.815	-9043.94	428.1254	1.071865	1.929533	0.3666029	4.498664
3942	-8608.218	-9037.193	428.9744	1.204099	1.917857	0.3940786	3.914666
3948	-8620.09	-9049.006	428.9157	1.204099	1.934749	0.4264689	3.907288
3954	-8620.028	-9047.874	427.8465	1.117397	1.891617	0.3611475	4.648914
3960	-8613	-9041.84	428.8407	1.281654	1.554937	0.327236	4.161662
3966	-8598.807	-9028.077	429.2692	1.302808	2.233003	0.327236	3.664065
3972	-8588.043	-9017.571	429.5278	1.321798	2.042928	0.3294766	3.561538
3978	-8603.456	-9032.883	429.4267	1.276722	2.283986	0.3294766	3.569164
3984	-8619.707	-9048.414	428.7062	1.300723	1.880353	0.3866096	4.034258
3990	-8615.021	-9044.358	429.3362	1.320057	1.880353	0.3866096	3.661085
3996	-8614.728	-9043.996	429.2683	1.270314	1.753675	0.3867969	3.775087
4002	-8622.455	-9051.276	428.8206	1.176721	2.169285	0.3334128	4.006668
4008	-8613.299	-9042.344	429.0443	1.260123	1.511274	0.4206165	3.968179
4014	-8596.898	-9025.825	428.9263	1.178291	2.075987	0.2924411	4.0283
4020	-8613.759	-9042.274	428.5153	1.186455	1.981401	0.3657966	4.197074
4026	-8604.942	-9033.569	428.6272	1.154181	1.947511	0.3375045	4.197074
4032	-8630.361	-9059.309	428.9489	1.189899	1.79241	0.3789688	3.999136
4038	-8624.083	-9053.167	429.0833	1.192265	2.090798	0.4116628	3.781266
4044	-8602.126	-9031.282	429.1557	1.244579	2.090798	0.4130913	3.707747
4050	-8605.924	-9035.345	429.4209	1.234179	2.003241	0.3945925	3.609906
4056	-8609.425	-9039.004	429.5792	1.274038	2.013977	0.4343311	3.447237
4062	-8592.908	-9022.64	429.7321	1.305527	2.082909	0.3226875	3.447237
4068	-8609.19	-9038.818	429.6274	1.319345	2.101257	0.3602586	3.447237
4074	-8608.945	-9038.094	429.1497	1.329713	2.101257	0.2711925	3.834939
4080	-8614.662	-9043.403	428.7411	1.267535	2.101257	0.315002	4.045162
4086	-8596.719	-9025.376	428.6574	1.246318	2.011914	0.3892932	4.045162
4092	-8589.072	-9018.436	429.3644	1.271828	2.015336	0.3892932	3.622714
4098	-8615.995	-9044.424	428.4286	1.144962	2.21165	0.2720309	4.315296
4104	-8618.396	-9047.329	428.933	1.162699	1.888664	0.3034041	4.08188
4110	-8636.457	-9065.123	428.6662	1.15022	1.911572	0.3729122	4.147461
4116	-8622.258	-9050.84	428.5823	1.12856	1.825667	0.4572256	4.147461
4122	-8615.798	-9045.58	429.7819	1.303783	1.692869	0.3318448	3.547465
4128	-8632.23	-9061.197	428.9671	1.297187	1.940847	0.2905435	3.984796
4134	-8622.39	-9052.196	429.8064	1.337717	1.74427	0.4883479	3.318707
4140	-8641.677	-9070.094	428.4169	1.239092	1.708575	0.4943934	4.18548
4146	-8625.982	-9055.459	429.4771	1.235882	1.946756	0.318192	3.688106
4152	-8610.981	-9040.237	429.2558	1.227525	1.946756	0.3139274	3.826059
4158	-8606.853	-9036.21	429.3571	1.241959	1.832976	0.3139274	3.799662
4164	-8607.062	-9036.168	429.1065	1.297787	2.078129	0.3357424	3.799662
4170	-8600.771	-9029.718	428.9463	1.303951	2.015992	0.4023866	3.830728
4176	-8596.798	-9025.432	428.6339	1.182049	1.914953	0.3377417	4.188302
4182	-8613.483	-9042.233	428.7499	1.250132	1.914953	0.4053668	4.005308
4188	-8608.821	-9037.434	428.6133	1.231255	1.837432	0.3148725	4.227839
4194	-8610.917	-9039.448	428.5302	1.184858	1.837432	0.3757085	4.227839
4200	-8612.03	-9039.566	427.5353	1.169632	2.26024	0.3355514	4.706429
4206	-8627.564	-9055.163	427.5993	1.059924	1.808144	0.3221242	4.894827
4212	-8619.995	-9048.094	428.0994	1.163807	2.076119	0.3187971	4.470756
4218	-8622.609	-9051.169	428.5599	1.216279	2.098043	0.3187971	4.173629
4224	-8620.991	-9049.602	428.611	1.267543	1.833012	0.3141275	4.211088
4230	-8626.141	-9055.875	429.7334	1.321094	1.833012	0.4276192	3.400737
4236	-8608.659	-9037.076	428.4172	1.212651	2.077363	0.2919578	4.298312
4242	-8625.793	-9054.485	428.6919	1.236499	2.327607	0.3032742	4.036261
4248	-8614.128	-9043.024	428.8953	1.290598	1.816512	0.4288	3.908758
4254	-8607.944	-9037.005	429.0617	1.293628	1.816512	0.3431648	3.908758
4260	-8614.899	-9043.472	428.5734	1.264335	1.748938	0.3686875	4.198346
4266	-8603.786	-9032.561	428.7747	1.148737	1.739077	0.3311053	4.198346
4272	-8602.508	-9031.362	428.8536	1.218409	1.610836	0.3287293	4.166025
4278	-8612.815	-9041.235	428.4196	1.196652	2.170296	0.3819124	4.166025
4284	-8614.484	-9042.597	428.1136	1.229936	1.801302	0.3598448	4.468879
4290	-8619.267	-9047.783	428.5151	1.217701	1.757355	0.3647932	4.259276
4296	-8606.874	-9035.275	428.4006	1.217701	1.772195	0.4184138	4.259276
4302	-8620.62	-9049.161	428.5412	1.201346	1.876455	0.327052	4.256481
4308	-8610.131	-9038.492	428.361	1.207835	1.98171	0.3796026	4.256481
4314	-8594.285	-9022.948	428.6631	1.181924	1.750937	0.4300306	4.126157
4320	-8610.257	-9038.19	427.9333	1.11803	2.012621	0.3536251	4.56803
4326	-8601.575	-9030.447	428.8718	1.190457	1.975918	0.3194642	4.050152
4332	-8606.427	-9035.341	428.9146	1.319925	2.225517	0.4063779	3.767772
4338	-8610.404	-9039.502	429.0978	1.2605	2.250608	0.4153835	3.67869
4344	-8622.811	-9052.144	429.3331	1.270414	2.250608	0.3401966	3.624008
4350	-8611.926	-9040.901	428.9746	1.239975	2.005093	0.3401966	3.927302
4356	-8612.534	-9041.898	429.364	1.239975	1.906129	0.3976065	3.669734
4362	-8612.88	-9042.246	429.3662	1.275795	1.908863	0.3782753	3.668802
4368	-8608.333	-9037.544	429.2104	1.302856	1.702125	0.3782753	3.818992
4374	-8599.884	-9029.563	429.6783	1.319207	2.012459	0.3599197	3.447755
4380	-8608.805	-9038.349	429.5441	1.308068	1.697187	0.3326235	3.680308
4386	-8609.485	-9038.167	428.6822	1.235309	1.828673	0.3326235	4.167203
4392	-8606.367	-9035.576	429.2093	1.246973	1.828673	0.3293683	3.863544
4398	-8627.69	-9056.26	428.5704	1.162673	1.632432	0.3524317	4.320874
4404	-8624.459	-9053.558	429.0997	1.278029	1.961593	0.3935651	3.785633
4410	-8608.76	-9037.886	429.1258	1.270803	1.994858	0.3935651	3.763435
4416	-8608.507	-9036.628	428.1208	1.127279	1.994858	0.3935651	4.417829
4422	-8599.746	-9028.07	428.3233	1.109008	1.826853	0.4127253	4.350801
4428	-8617.007	-9045.062	428.0545	1.134425	1.905212	0.4127253	4.460712
4434	-8599.008	-9027.415	428.4069	1.23108	1.940479	0.3477724	4.268295
4440	-8622.272	-9051.006	428.7333	1.276954	2.289156	0.3019883	4.002741
4446	-8602.726	-9031.614	428.8881	1.243061	2.249529	0.3784903	3.851212
4452	-8593.751	-9022.954	429.2024	1.229855	1.679262	0.3784903	3.874064
4458	-8591.748	-9021.164	429.4169	1.229855	2.203099	0.3796517	3.566348
4464	-8608.62	-9038.461	429.8416	1.223504	2.203099	0.3071295	3.412644
4470	-8616.394	-9044.612	428.2187	1.17943	2.107639	0.3491997	4.347304
4476	-8623.936	-9052.449	428.5123	1.273729	1.812722	0.4510552	4.115572
4482	-8604.594	-9033.126	428.5322	1.230182	2.007707	0.3347999	4.190938
4488	-8604.597	-9033.145	428.5479	1.102667	2.030873	0.3821597	4.190938
4494	-8595.427	-9024.329	428.9015	1.248087	1.775003	0.3308271	4.05679
4500	-8602.696	-9030.632	427.9362	1.139743	1.598213	0.3308271	4.729629
4506	-8614.831	-9044.08	429.2498	1.187189	1.602411	0.3308271	3.958676
4512	-8612.828	-9041.587	428.759	1.21134	2.2787	0.3578191	3.958676
4518	-8600.38	-9028.858	428.4777	1.127277	2.166943	0.3965839	4.157088
4524	-8627.611	-9055.764	428.1535	1.14189	1.781896	0.3965839	4.461557
